21:30:12 **** Clean-only build of configuration Debug for project MODBUS2024ALT ****
make -j12 clean 
rm -rf ./Drivers/STM32G4xx_HAL_Driver/Src/stm32g4xx_hal.cyclo ./Drivers/STM32G4xx_HAL_Driver/Src/stm32g4xx_hal.d ./Drivers/STM32G4xx_HAL_Driver/Src/stm32g4xx_hal.o ./Drivers/STM32G4xx_HAL_Driver/Src/stm32g4xx_hal.su ./Drivers/STM32G4xx_HAL_Driver/Src/stm32g4xx_hal_cortex.cyclo ./Drivers/STM32G4xx_HAL_Driver/Src/stm32g4xx_hal_cortex.d ./Drivers/STM32G4xx_HAL_Driver/Src/stm32g4xx_hal_cortex.o ./Drivers/STM32G4xx_HAL_Driver/Src/stm32g4xx_hal_cortex.su ./Drivers/STM32G4xx_HAL_Driver/Src/stm32g4xx_hal_dma.cyclo ./Drivers/STM32G4xx_HAL_Driver/Src/stm32g4xx_hal_dma.d ./Drivers/STM32G4xx_HAL_Driver/Src/stm32g4xx_hal_dma.o ./Drivers/STM32G4xx_HAL_Driver/Src/stm32g4xx_hal_dma.su ./Drivers/STM32G4xx_HAL_Driver/Src/stm32g4xx_hal_dma_ex.cyclo ./Drivers/STM32G4xx_HAL_Driver/Src/stm32g4xx_hal_dma_ex.d ./Drivers/STM32G4xx_HAL_Driver/Src/stm32g4xx_hal_dma_ex.o ./Drivers/STM32G4xx_HAL_Driver/Src/stm32g4xx_hal_dma_ex.su ./Drivers/STM32G4xx_HAL_Driver/Src/stm32g4xx_hal_exti.cyclo ./Drivers/STM32G4xx_HAL_Driver/Src/stm32g4xx_hal_exti.d ./Drivers/STM32G4xx_HAL_Driver/Src/stm32g4xx_hal_exti.o ./Drivers/STM32G4xx_HAL_Driver/Src/stm32g4xx_hal_exti.su ./Drivers/STM32G4xx_HAL_Driver/Src/stm32g4xx_hal_flash.cyclo ./Drivers/STM32G4xx_HAL_Driver/Src/stm32g4xx_hal_flash.d ./Drivers/STM32G4xx_HAL_Driver/Src/stm32g4xx_hal_flash.o ./Drivers/STM32G4xx_HAL_Driver/Src/stm32g4xx_hal_flash.su ./Drivers/STM32G4xx_HAL_Driver/Src/stm32g4xx_hal_flash_ex.cyclo ./Drivers/STM32G4xx_HAL_Driver/Src/stm32g4xx_hal_flash_ex.d ./Drivers/STM32G4xx_HAL_Driver/Src/stm32g4xx_hal_flash_ex.o ./Drivers/STM32G4xx_HAL_Driver/Src/stm32g4xx_hal_flash_ex.su ./Drivers/STM32G4xx_HAL_Driver/Src/stm32g4xx_hal_flash_ramfunc.cyclo ./Drivers/STM32G4xx_HAL_Driver/Src/stm32g4xx_hal_flash_ramfunc.d ./Drivers/STM32G4xx_HAL_Driver/Src/stm32g4xx_hal_flash_ramfunc.o ./Drivers/STM32G4xx_HAL_Driver/Src/stm32g4xx_hal_flash_ramfunc.su ./Drivers/STM32G4xx_HAL_Driver/Src/stm32g4xx_hal_gpio.cyclo ./Drivers/STM32G4xx_HAL_Driver/Src/stm32g4xx_hal_gpio.d ./Drivers/STM32G4xx_HAL_Driver/Src/stm32g4xx_hal_gpio.o ./Drivers/STM32G4xx_HAL_Driver/Src/stm32g4xx_hal_gpio.su ./Drivers/STM32G4xx_HAL_Driver/Src/stm32g4xx_hal_pwr.cyclo ./Drivers/STM32G4xx_HAL_Driver/Src/stm32g4xx_hal_pwr.d ./Drivers/STM32G4xx_HAL_Driver/Src/stm32g4xx_hal_pwr.o ./Drivers/STM32G4xx_HAL_Driver/Src/stm32g4xx_hal_pwr.su ./Drivers/STM32G4xx_HAL_Driver/Src/stm32g4xx_hal_pwr_ex.cyclo ./Drivers/STM32G4xx_HAL_Driver/Src/stm32g4xx_hal_pwr_ex.d ./Drivers/STM32G4xx_HAL_Driver/Src/stm32g4xx_hal_pwr_ex.o ./Drivers/STM32G4xx_HAL_Driver/Src/stm32g4xx_hal_pwr_ex.su ./Drivers/STM32G4xx_HAL_Driver/Src/stm32g4xx_hal_rcc.cyclo ./Drivers/STM32G4xx_HAL_Driver/Src/stm32g4xx_hal_rcc.d ./Drivers/STM32G4xx_HAL_Driver/Src/stm32g4xx_hal_rcc.o ./Drivers/STM32G4xx_HAL_Driver/Src/stm32g4xx_hal_rcc.su ./Drivers/STM32G4xx_HAL_Driver/Src/stm32g4xx_hal_rcc_ex.cyclo ./Drivers/STM32G4xx_HAL_Driver/Src/stm32g4xx_hal_rcc_ex.d ./Drivers/STM32G4xx_HAL_Driver/Src/stm32g4xx_hal_rcc_ex.o ./Drivers/STM32G4xx_HAL_Driver/Src/stm32g4xx_hal_rcc_ex.su ./Drivers/STM32G4xx_HAL_Driver/Src/stm32g4xx_hal_tim.cyclo ./Drivers/STM32G4xx_HAL_Driver/Src/stm32g4xx_hal_tim.d ./Drivers/STM32G4xx_HAL_Driver/Src/stm32g4xx_hal_tim.o ./Drivers/STM32G4xx_HAL_Driver/Src/stm32g4xx_hal_tim.su ./Drivers/STM32G4xx_HAL_Driver/Src/stm32g4xx_hal_tim_ex.cyclo ./Drivers/STM32G4xx_HAL_Driver/Src/stm32g4xx_hal_tim_ex.d ./Drivers/STM32G4xx_HAL_Driver/Src/stm32g4xx_hal_tim_ex.o ./Drivers/STM32G4xx_HAL_Driver/Src/stm32g4xx_hal_tim_ex.su ./Drivers/STM32G4xx_HAL_Driver/Src/stm32g4xx_hal_uart.cyclo ./Drivers/STM32G4xx_HAL_Driver/Src/stm32g4xx_hal_uart.d ./Drivers/STM32G4xx_HAL_Driver/Src/stm32g4xx_hal_uart.o ./Drivers/STM32G4xx_HAL_Driver/Src/stm32g4xx_hal_uart.su ./Drivers/STM32G4xx_HAL_Driver/Src/stm32g4xx_hal_uart_ex.cyclo ./Drivers/STM32G4xx_HAL_Driver/Src/stm32g4xx_hal_uart_ex.d ./Drivers/STM32G4xx_HAL_Driver/Src/stm32g4xx_hal_uart_ex.o ./Drivers/STM32G4xx_HAL_Driver/Src/stm32g4xx_hal_uart_ex.su
rm -rf ./Core/Startup/startup_stm32g474retx.d ./Core/Startup/startup_stm32g474retx.o
rm -rf ./Core/Src/ModBusRTU.cyclo ./Core/Src/ModBusRTU.d ./Core/Src/ModBusRTU.o ./Core/Src/ModBusRTU.su ./Core/Src/main.cyclo ./Core/Src/main.d ./Core/Src/main.o ./Core/Src/main.su ./Core/Src/stm32g4xx_hal_msp.cyclo ./Core/Src/stm32g4xx_hal_msp.d ./Core/Src/stm32g4xx_hal_msp.o ./Core/Src/stm32g4xx_hal_msp.su ./Core/Src/stm32g4xx_it.cyclo ./Core/Src/stm32g4xx_it.d ./Core/Src/stm32g4xx_it.o ./Core/Src/stm32g4xx_it.su ./Core/Src/syscalls.cyclo ./Core/Src/syscalls.d ./Core/Src/syscalls.o ./Core/Src/syscalls.su ./Core/Src/sysmem.cyclo ./Core/Src/sysmem.d ./Core/Src/sysmem.o ./Core/Src/sysmem.su ./Core/Src/system_stm32g4xx.cyclo ./Core/Src/system_stm32g4xx.d ./Core/Src/system_stm32g4xx.o ./Core/Src/system_stm32g4xx.su
rm -rf MODBUS2024ALT.elf MODBUS2024ALT.list MODBUS2024ALT.map default.size.stdout
 
21:30:12 **** Build of configuration Debug for project MODBUS2024ALT ****
make -j12 all 
arm-none-eabi-gcc "../Drivers/STM32G4xx_HAL_Driver/Src/stm32g4xx_hal.c" -mcpu=cortex-m4 -std=gnu11 -g3 -DDEBUG -DUSE_HAL_DRIVER -DSTM32G474xx -c -I../Core/Inc -I../Drivers/STM32G4xx_HAL_Driver/Inc -I../Drivers/STM32G4xx_HAL_Driver/Inc/Legacy -I../Drivers/CMSIS/Device/ST/STM32G4xx/Include -I../Drivers/CMSIS/Include -O0 -ffunction-sections -fdata-sections -Wall -fstack-usage -fcyclomatic-complexity -MMD -MP -MF"Drivers/STM32G4xx_HAL_Driver/Src/stm32g4xx_hal.d" -MT"Drivers/STM32G4xx_HAL_Driver/Src/stm32g4xx_hal.o" --specs=nano.specs -mfpu=fpv4-sp-d16 -mfloat-abi=hard -mthumb -o "Drivers/STM32G4xx_HAL_Driver/Src/stm32g4xx_hal.o"
arm-none-eabi-gcc "../Drivers/STM32G4xx_HAL_Driver/Src/stm32g4xx_hal_cortex.c" -mcpu=cortex-m4 -std=gnu11 -g3 -DDEBUG -DUSE_HAL_DRIVER -DSTM32G474xx -c -I../Core/Inc -I../Drivers/STM32G4xx_HAL_Driver/Inc -I../Drivers/STM32G4xx_HAL_Driver/Inc/Legacy -I../Drivers/CMSIS/Device/ST/STM32G4xx/Include -I../Drivers/CMSIS/Include -O0 -ffunction-sections -fdata-sections -Wall -fstack-usage -fcyclomatic-complexity -MMD -MP -MF"Drivers/STM32G4xx_HAL_Driver/Src/stm32g4xx_hal_cortex.d" -MT"Drivers/STM32G4xx_HAL_Driver/Src/stm32g4xx_hal_cortex.o" --specs=nano.specs -mfpu=fpv4-sp-d16 -mfloat-abi=hard -mthumb -o "Drivers/STM32G4xx_HAL_Driver/Src/stm32g4xx_hal_cortex.o"
arm-none-eabi-gcc "../Drivers/STM32G4xx_HAL_Driver/Src/stm32g4xx_hal_dma.c" -mcpu=cortex-m4 -std=gnu11 -g3 -DDEBUG -DUSE_HAL_DRIVER -DSTM32G474xx -c -I../Core/Inc -I../Drivers/STM32G4xx_HAL_Driver/Inc -I../Drivers/STM32G4xx_HAL_Driver/Inc/Legacy -I../Drivers/CMSIS/Device/ST/STM32G4xx/Include -I../Drivers/CMSIS/Include -O0 -ffunction-sections -fdata-sections -Wall -fstack-usage -fcyclomatic-complexity -MMD -MP -MF"Drivers/STM32G4xx_HAL_Driver/Src/stm32g4xx_hal_dma.d" -MT"Drivers/STM32G4xx_HAL_Driver/Src/stm32g4xx_hal_dma.o" --specs=nano.specs -mfpu=fpv4-sp-d16 -mfloat-abi=hard -mthumb -o "Drivers/STM32G4xx_HAL_Driver/Src/stm32g4xx_hal_dma.o"
arm-none-eabi-gcc "../Drivers/STM32G4xx_HAL_Driver/Src/stm32g4xx_hal_dma_ex.c" -mcpu=cortex-m4 -std=gnu11 -g3 -DDEBUG -DUSE_HAL_DRIVER -DSTM32G474xx -c -I../Core/Inc -I../Drivers/STM32G4xx_HAL_Driver/Inc -I../Drivers/STM32G4xx_HAL_Driver/Inc/Legacy -I../Drivers/CMSIS/Device/ST/STM32G4xx/Include -I../Drivers/CMSIS/Include -O0 -ffunction-sections -fdata-sections -Wall -fstack-usage -fcyclomatic-complexity -MMD -MP -MF"Drivers/STM32G4xx_HAL_Driver/Src/stm32g4xx_hal_dma_ex.d" -MT"Drivers/STM32G4xx_HAL_Driver/Src/stm32g4xx_hal_dma_ex.o" --specs=nano.specs -mfpu=fpv4-sp-d16 -mfloat-abi=hard -mthumb -o "Drivers/STM32G4xx_HAL_Driver/Src/stm32g4xx_hal_dma_ex.o"
arm-none-eabi-gcc "../Drivers/STM32G4xx_HAL_Driver/Src/stm32g4xx_hal_exti.c" -mcpu=cortex-m4 -std=gnu11 -g3 -DDEBUG -DUSE_HAL_DRIVER -DSTM32G474xx -c -I../Core/Inc -I../Drivers/STM32G4xx_HAL_Driver/Inc -I../Drivers/STM32G4xx_HAL_Driver/Inc/Legacy -I../Drivers/CMSIS/Device/ST/STM32G4xx/Include -I../Drivers/CMSIS/Include -O0 -ffunction-sections -fdata-sections -Wall -fstack-usage -fcyclomatic-complexity -MMD -MP -MF"Drivers/STM32G4xx_HAL_Driver/Src/stm32g4xx_hal_exti.d" -MT"Drivers/STM32G4xx_HAL_Driver/Src/stm32g4xx_hal_exti.o" --specs=nano.specs -mfpu=fpv4-sp-d16 -mfloat-abi=hard -mthumb -o "Drivers/STM32G4xx_HAL_Driver/Src/stm32g4xx_hal_exti.o"
arm-none-eabi-gcc "../Drivers/STM32G4xx_HAL_Driver/Src/stm32g4xx_hal_flash.c" -mcpu=cortex-m4 -std=gnu11 -g3 -DDEBUG -DUSE_HAL_DRIVER -DSTM32G474xx -c -I../Core/Inc -I../Drivers/STM32G4xx_HAL_Driver/Inc -I../Drivers/STM32G4xx_HAL_Driver/Inc/Legacy -I../Drivers/CMSIS/Device/ST/STM32G4xx/Include -I../Drivers/CMSIS/Include -O0 -ffunction-sections -fdata-sections -Wall -fstack-usage -fcyclomatic-complexity -MMD -MP -MF"Drivers/STM32G4xx_HAL_Driver/Src/stm32g4xx_hal_flash.d" -MT"Drivers/STM32G4xx_HAL_Driver/Src/stm32g4xx_hal_flash.o" --specs=nano.specs -mfpu=fpv4-sp-d16 -mfloat-abi=hard -mthumb -o "Drivers/STM32G4xx_HAL_Driver/Src/stm32g4xx_hal_flash.o"
arm-none-eabi-gcc "../Drivers/STM32G4xx_HAL_Driver/Src/stm32g4xx_hal_flash_ex.c" -mcpu=cortex-m4 -std=gnu11 -g3 -DDEBUG -DUSE_HAL_DRIVER -DSTM32G474xx -c -I../Core/Inc -I../Drivers/STM32G4xx_HAL_Driver/Inc -I../Drivers/STM32G4xx_HAL_Driver/Inc/Legacy -I../Drivers/CMSIS/Device/ST/STM32G4xx/Include -I../Drivers/CMSIS/Include -O0 -ffunction-sections -fdata-sections -Wall -fstack-usage -fcyclomatic-complexity -MMD -MP -MF"Drivers/STM32G4xx_HAL_Driver/Src/stm32g4xx_hal_flash_ex.d" -MT"Drivers/STM32G4xx_HAL_Driver/Src/stm32g4xx_hal_flash_ex.o" --specs=nano.specs -mfpu=fpv4-sp-d16 -mfloat-abi=hard -mthumb -o "Drivers/STM32G4xx_HAL_Driver/Src/stm32g4xx_hal_flash_ex.o"
arm-none-eabi-gcc "../Drivers/STM32G4xx_HAL_Driver/Src/stm32g4xx_hal_flash_ramfunc.c" -mcpu=cortex-m4 -std=gnu11 -g3 -DDEBUG -DUSE_HAL_DRIVER -DSTM32G474xx -c -I../Core/Inc -I../Drivers/STM32G4xx_HAL_Driver/Inc -I../Drivers/STM32G4xx_HAL_Driver/Inc/Legacy -I../Drivers/CMSIS/Device/ST/STM32G4xx/Include -I../Drivers/CMSIS/Include -O0 -ffunction-sections -fdata-sections -Wall -fstack-usage -fcyclomatic-complexity -MMD -MP -MF"Drivers/STM32G4xx_HAL_Driver/Src/stm32g4xx_hal_flash_ramfunc.d" -MT"Drivers/STM32G4xx_HAL_Driver/Src/stm32g4xx_hal_flash_ramfunc.o" --specs=nano.specs -mfpu=fpv4-sp-d16 -mfloat-abi=hard -mthumb -o "Drivers/STM32G4xx_HAL_Driver/Src/stm32g4xx_hal_flash_ramfunc.o"
arm-none-eabi-gcc "../Drivers/STM32G4xx_HAL_Driver/Src/stm32g4xx_hal_gpio.c" -mcpu=cortex-m4 -std=gnu11 -g3 -DDEBUG -DUSE_HAL_DRIVER -DSTM32G474xx -c -I../Core/Inc -I../Drivers/STM32G4xx_HAL_Driver/Inc -I../Drivers/STM32G4xx_HAL_Driver/Inc/Legacy -I../Drivers/CMSIS/Device/ST/STM32G4xx/Include -I../Drivers/CMSIS/Include -O0 -ffunction-sections -fdata-sections -Wall -fstack-usage -fcyclomatic-complexity -MMD -MP -MF"Drivers/STM32G4xx_HAL_Driver/Src/stm32g4xx_hal_gpio.d" -MT"Drivers/STM32G4xx_HAL_Driver/Src/stm32g4xx_hal_gpio.o" --specs=nano.specs -mfpu=fpv4-sp-d16 -mfloat-abi=hard -mthumb -o "Drivers/STM32G4xx_HAL_Driver/Src/stm32g4xx_hal_gpio.o"
arm-none-eabi-gcc "../Drivers/STM32G4xx_HAL_Driver/Src/stm32g4xx_hal_pwr.c" -mcpu=cortex-m4 -std=gnu11 -g3 -DDEBUG -DUSE_HAL_DRIVER -DSTM32G474xx -c -I../Core/Inc -I../Drivers/STM32G4xx_HAL_Driver/Inc -I../Drivers/STM32G4xx_HAL_Driver/Inc/Legacy -I../Drivers/CMSIS/Device/ST/STM32G4xx/Include -I../Drivers/CMSIS/Include -O0 -ffunction-sections -fdata-sections -Wall -fstack-usage -fcyclomatic-complexity -MMD -MP -MF"Drivers/STM32G4xx_HAL_Driver/Src/stm32g4xx_hal_pwr.d" -MT"Drivers/STM32G4xx_HAL_Driver/Src/stm32g4xx_hal_pwr.o" --specs=nano.specs -mfpu=fpv4-sp-d16 -mfloat-abi=hard -mthumb -o "Drivers/STM32G4xx_HAL_Driver/Src/stm32g4xx_hal_pwr.o"
arm-none-eabi-gcc "../Drivers/STM32G4xx_HAL_Driver/Src/stm32g4xx_hal_pwr_ex.c" -mcpu=cortex-m4 -std=gnu11 -g3 -DDEBUG -DUSE_HAL_DRIVER -DSTM32G474xx -c -I../Core/Inc -I../Drivers/STM32G4xx_HAL_Driver/Inc -I../Drivers/STM32G4xx_HAL_Driver/Inc/Legacy -I../Drivers/CMSIS/Device/ST/STM32G4xx/Include -I../Drivers/CMSIS/Include -O0 -ffunction-sections -fdata-sections -Wall -fstack-usage -fcyclomatic-complexity -MMD -MP -MF"Drivers/STM32G4xx_HAL_Driver/Src/stm32g4xx_hal_pwr_ex.d" -MT"Drivers/STM32G4xx_HAL_Driver/Src/stm32g4xx_hal_pwr_ex.o" --specs=nano.specs -mfpu=fpv4-sp-d16 -mfloat-abi=hard -mthumb -o "Drivers/STM32G4xx_HAL_Driver/Src/stm32g4xx_hal_pwr_ex.o"
arm-none-eabi-gcc "../Drivers/STM32G4xx_HAL_Driver/Src/stm32g4xx_hal_rcc.c" -mcpu=cortex-m4 -std=gnu11 -g3 -DDEBUG -DUSE_HAL_DRIVER -DSTM32G474xx -c -I../Core/Inc -I../Drivers/STM32G4xx_HAL_Driver/Inc -I../Drivers/STM32G4xx_HAL_Driver/Inc/Legacy -I../Drivers/CMSIS/Device/ST/STM32G4xx/Include -I../Drivers/CMSIS/Include -O0 -ffunction-sections -fdata-sections -Wall -fstack-usage -fcyclomatic-complexity -MMD -MP -MF"Drivers/STM32G4xx_HAL_Driver/Src/stm32g4xx_hal_rcc.d" -MT"Drivers/STM32G4xx_HAL_Driver/Src/stm32g4xx_hal_rcc.o" --specs=nano.specs -mfpu=fpv4-sp-d16 -mfloat-abi=hard -mthumb -o "Drivers/STM32G4xx_HAL_Driver/Src/stm32g4xx_hal_rcc.o"
arm-none-eabi-gcc "../Drivers/STM32G4xx_HAL_Driver/Src/stm32g4xx_hal_rcc_ex.c" -mcpu=cortex-m4 -std=gnu11 -g3 -DDEBUG -DUSE_HAL_DRIVER -DSTM32G474xx -c -I../Core/Inc -I../Drivers/STM32G4xx_HAL_Driver/Inc -I../Drivers/STM32G4xx_HAL_Driver/Inc/Legacy -I../Drivers/CMSIS/Device/ST/STM32G4xx/Include -I../Drivers/CMSIS/Include -O0 -ffunction-sections -fdata-sections -Wall -fstack-usage -fcyclomatic-complexity -MMD -MP -MF"Drivers/STM32G4xx_HAL_Driver/Src/stm32g4xx_hal_rcc_ex.d" -MT"Drivers/STM32G4xx_HAL_Driver/Src/stm32g4xx_hal_rcc_ex.o" --specs=nano.specs -mfpu=fpv4-sp-d16 -mfloat-abi=hard -mthumb -o "Drivers/STM32G4xx_HAL_Driver/Src/stm32g4xx_hal_rcc_ex.o"
arm-none-eabi-gcc "../Drivers/STM32G4xx_HAL_Driver/Src/stm32g4xx_hal_tim.c" -mcpu=cortex-m4 -std=gnu11 -g3 -DDEBUG -DUSE_HAL_DRIVER -DSTM32G474xx -c -I../Core/Inc -I../Drivers/STM32G4xx_HAL_Driver/Inc -I../Drivers/STM32G4xx_HAL_Driver/Inc/Legacy -I../Drivers/CMSIS/Device/ST/STM32G4xx/Include -I../Drivers/CMSIS/Include -O0 -ffunction-sections -fdata-sections -Wall -fstack-usage -fcyclomatic-complexity -MMD -MP -MF"Drivers/STM32G4xx_HAL_Driver/Src/stm32g4xx_hal_tim.d" -MT"Drivers/STM32G4xx_HAL_Driver/Src/stm32g4xx_hal_tim.o" --specs=nano.specs -mfpu=fpv4-sp-d16 -mfloat-abi=hard -mthumb -o "Drivers/STM32G4xx_HAL_Driver/Src/stm32g4xx_hal_tim.o"
arm-none-eabi-gcc "../Drivers/STM32G4xx_HAL_Driver/Src/stm32g4xx_hal_tim_ex.c" -mcpu=cortex-m4 -std=gnu11 -g3 -DDEBUG -DUSE_HAL_DRIVER -DSTM32G474xx -c -I../Core/Inc -I../Drivers/STM32G4xx_HAL_Driver/Inc -I../Drivers/STM32G4xx_HAL_Driver/Inc/Legacy -I../Drivers/CMSIS/Device/ST/STM32G4xx/Include -I../Drivers/CMSIS/Include -O0 -ffunction-sections -fdata-sections -Wall -fstack-usage -fcyclomatic-complexity -MMD -MP -MF"Drivers/STM32G4xx_HAL_Driver/Src/stm32g4xx_hal_tim_ex.d" -MT"Drivers/STM32G4xx_HAL_Driver/Src/stm32g4xx_hal_tim_ex.o" --specs=nano.specs -mfpu=fpv4-sp-d16 -mfloat-abi=hard -mthumb -o "Drivers/STM32G4xx_HAL_Driver/Src/stm32g4xx_hal_tim_ex.o"
arm-none-eabi-gcc "../Drivers/STM32G4xx_HAL_Driver/Src/stm32g4xx_hal_uart.c" -mcpu=cortex-m4 -std=gnu11 -g3 -DDEBUG -DUSE_HAL_DRIVER -DSTM32G474xx -c -I../Core/Inc -I../Drivers/STM32G4xx_HAL_Driver/Inc -I../Drivers/STM32G4xx_HAL_Driver/Inc/Legacy -I../Drivers/CMSIS/Device/ST/STM32G4xx/Include -I../Drivers/CMSIS/Include -O0 -ffunction-sections -fdata-sections -Wall -fstack-usage -fcyclomatic-complexity -MMD -MP -MF"Drivers/STM32G4xx_HAL_Driver/Src/stm32g4xx_hal_uart.d" -MT"Drivers/STM32G4xx_HAL_Driver/Src/stm32g4xx_hal_uart.o" --specs=nano.specs -mfpu=fpv4-sp-d16 -mfloat-abi=hard -mthumb -o "Drivers/STM32G4xx_HAL_Driver/Src/stm32g4xx_hal_uart.o"
arm-none-eabi-gcc "../Drivers/STM32G4xx_HAL_Driver/Src/stm32g4xx_hal_uart_ex.c" -mcpu=cortex-m4 -std=gnu11 -g3 -DDEBUG -DUSE_HAL_DRIVER -DSTM32G474xx -c -I../Core/Inc -I../Drivers/STM32G4xx_HAL_Driver/Inc -I../Drivers/STM32G4xx_HAL_Driver/Inc/Legacy -I../Drivers/CMSIS/Device/ST/STM32G4xx/Include -I../Drivers/CMSIS/Include -O0 -ffunction-sections -fdata-sections -Wall -fstack-usage -fcyclomatic-complexity -MMD -MP -MF"Drivers/STM32G4xx_HAL_Driver/Src/stm32g4xx_hal_uart_ex.d" -MT"Drivers/STM32G4xx_HAL_Driver/Src/stm32g4xx_hal_uart_ex.o" --specs=nano.specs -mfpu=fpv4-sp-d16 -mfloat-abi=hard -mthumb -o "Drivers/STM32G4xx_HAL_Driver/Src/stm32g4xx_hal_uart_ex.o"
arm-none-eabi-gcc -mcpu=cortex-m4 -g3 -DDEBUG -c -x assembler-with-cpp -MMD -MP -MF"Core/Startup/startup_stm32g474retx.d" -MT"Core/Startup/startup_stm32g474retx.o" --specs=nano.specs -mfpu=fpv4-sp-d16 -mfloat-abi=hard -mthumb -o "Core/Startup/startup_stm32g474retx.o" "../Core/Startup/startup_stm32g474retx.s"
arm-none-eabi-gcc "../Core/Src/ModBusRTU.c" -mcpu=cortex-m4 -std=gnu11 -g3 -DDEBUG -DUSE_HAL_DRIVER -DSTM32G474xx -c -I../Core/Inc -I../Drivers/STM32G4xx_HAL_Driver/Inc -I../Drivers/STM32G4xx_HAL_Driver/Inc/Legacy -I../Drivers/CMSIS/Device/ST/STM32G4xx/Include -I../Drivers/CMSIS/Include -O0 -ffunction-sections -fdata-sections -Wall -fstack-usage -fcyclomatic-complexity -MMD -MP -MF"Core/Src/ModBusRTU.d" -MT"Core/Src/ModBusRTU.o" --specs=nano.specs -mfpu=fpv4-sp-d16 -mfloat-abi=hard -mthumb -o "Core/Src/ModBusRTU.o"
arm-none-eabi-gcc "../Core/Src/main.c" -mcpu=cortex-m4 -std=gnu11 -g3 -DDEBUG -DUSE_HAL_DRIVER -DSTM32G474xx -c -I../Core/Inc -I../Drivers/STM32G4xx_HAL_Driver/Inc -I../Drivers/STM32G4xx_HAL_Driver/Inc/Legacy -I../Drivers/CMSIS/Device/ST/STM32G4xx/Include -I../Drivers/CMSIS/Include -O0 -ffunction-sections -fdata-sections -Wall -fstack-usage -fcyclomatic-complexity -MMD -MP -MF"Core/Src/main.d" -MT"Core/Src/main.o" --specs=nano.specs -mfpu=fpv4-sp-d16 -mfloat-abi=hard -mthumb -o "Core/Src/main.o"
arm-none-eabi-gcc "../Core/Src/stm32g4xx_hal_msp.c" -mcpu=cortex-m4 -std=gnu11 -g3 -DDEBUG -DUSE_HAL_DRIVER -DSTM32G474xx -c -I../Core/Inc -I../Drivers/STM32G4xx_HAL_Driver/Inc -I../Drivers/STM32G4xx_HAL_Driver/Inc/Legacy -I../Drivers/CMSIS/Device/ST/STM32G4xx/Include -I../Drivers/CMSIS/Include -O0 -ffunction-sections -fdata-sections -Wall -fstack-usage -fcyclomatic-complexity -MMD -MP -MF"Core/Src/stm32g4xx_hal_msp.d" -MT"Core/Src/stm32g4xx_hal_msp.o" --specs=nano.specs -mfpu=fpv4-sp-d16 -mfloat-abi=hard -mthumb -o "Core/Src/stm32g4xx_hal_msp.o"
arm-none-eabi-gcc "../Core/Src/stm32g4xx_it.c" -mcpu=cortex-m4 -std=gnu11 -g3 -DDEBUG -DUSE_HAL_DRIVER -DSTM32G474xx -c -I../Core/Inc -I../Drivers/STM32G4xx_HAL_Driver/Inc -I../Drivers/STM32G4xx_HAL_Driver/Inc/Legacy -I../Drivers/CMSIS/Device/ST/STM32G4xx/Include -I../Drivers/CMSIS/Include -O0 -ffunction-sections -fdata-sections -Wall -fstack-usage -fcyclomatic-complexity -MMD -MP -MF"Core/Src/stm32g4xx_it.d" -MT"Core/Src/stm32g4xx_it.o" --specs=nano.specs -mfpu=fpv4-sp-d16 -mfloat-abi=hard -mthumb -o "Core/Src/stm32g4xx_it.o"
arm-none-eabi-gcc "../Core/Src/syscalls.c" -mcpu=cortex-m4 -std=gnu11 -g3 -DDEBUG -DUSE_HAL_DRIVER -DSTM32G474xx -c -I../Core/Inc -I../Drivers/STM32G4xx_HAL_Driver/Inc -I../Drivers/STM32G4xx_HAL_Driver/Inc/Legacy -I../Drivers/CMSIS/Device/ST/STM32G4xx/Include -I../Drivers/CMSIS/Include -O0 -ffunction-sections -fdata-sections -Wall -fstack-usage -fcyclomatic-complexity -MMD -MP -MF"Core/Src/syscalls.d" -MT"Core/Src/syscalls.o" --specs=nano.specs -mfpu=fpv4-sp-d16 -mfloat-abi=hard -mthumb -o "Core/Src/syscalls.o"
arm-none-eabi-gcc "../Core/Src/sysmem.c" -mcpu=cortex-m4 -std=gnu11 -g3 -DDEBUG -DUSE_HAL_DRIVER -DSTM32G474xx -c -I../Core/Inc -I../Drivers/STM32G4xx_HAL_Driver/Inc -I../Drivers/STM32G4xx_HAL_Driver/Inc/Legacy -I../Drivers/CMSIS/Device/ST/STM32G4xx/Include -I../Drivers/CMSIS/Include -O0 -ffunction-sections -fdata-sections -Wall -fstack-usage -fcyclomatic-complexity -MMD -MP -MF"Core/Src/sysmem.d" -MT"Core/Src/sysmem.o" --specs=nano.specs -mfpu=fpv4-sp-d16 -mfloat-abi=hard -mthumb -o "Core/Src/sysmem.o"
arm-none-eabi-gcc "../Core/Src/system_stm32g4xx.c" -mcpu=cortex-m4 -std=gnu11 -g3 -DDEBUG -DUSE_HAL_DRIVER -DSTM32G474xx -c -I../Core/Inc -I../Drivers/STM32G4xx_HAL_Driver/Inc -I../Drivers/STM32G4xx_HAL_Driver/Inc/Legacy -I../Drivers/CMSIS/Device/ST/STM32G4xx/Include -I../Drivers/CMSIS/Include -O0 -ffunction-sections -fdata-sections -Wall -fstack-usage -fcyclomatic-complexity -MMD -MP -MF"Core/Src/system_stm32g4xx.d" -MT"Core/Src/system_stm32g4xx.o" --specs=nano.specs -mfpu=fpv4-sp-d16 -mfloat-abi=hard -mthumb -o "Core/Src/system_stm32g4xx.o"
arm-none-eabi-gcc -o "MODBUS2024ALT.elf" @"objects.list"   -mcpu=cortex-m4 -T"E:\Fibo_2_2\Stu\All_code\Robotic_Studio_III_ASRS\ModbusDemo2024\MODBUS2024ALT\STM32G474RETX_FLASH.ld" --specs=nosys.specs -Wl,-Map="MODBUS2024ALT.map" -Wl,--gc-sections -static --specs=nano.specs -mfpu=fpv4-sp-d16 -mfloat-abi=hard -mthumb -Wl,--start-group -lc -lm -Wl,--end-group
C:/ST/STM32CubeIDE_1.13.2/STM32CubeIDE/plugins/com.st.stm32cube.ide.mcu.externaltools.gnu-tools-for-stm32.12.3.rel1.win32_1.0.100.202403111256/tools/bin/../lib/gcc/arm-none-eabi/12.3.1/../../../../arm-none-eabi/bin/ld.exe: warning: MODBUS2024ALT.elf has a LOAD segment with RWX permissions
Finished building target: MODBUS2024ALT.elf
 
arm-none-eabi-size  MODBUS2024ALT.elf 
arm-none-eabi-objdump -h -S MODBUS2024ALT.elf  > "MODBUS2024ALT.list"
   text	   data	    bss	    dec	    hex	filename
  24764	    532	   4020	  29316	   7284	MODBUS2024ALT.elf
Finished building: default.size.stdout
 
Finished building: MODBUS2024ALT.list
 
21:32:45 **** Incremental Build of configuration Debug for project MODBUS2024ALT ****
make -j12 all 
arm-none-eabi-gcc "../Core/Src/stm32g4xx_hal_msp.c" -mcpu=cortex-m4 -std=gnu11 -g3 -DDEBUG -DUSE_HAL_DRIVER -DSTM32G474xx -c -I../Core/Inc -I../Drivers/STM32G4xx_HAL_Driver/Inc -I../Drivers/STM32G4xx_HAL_Driver/Inc/Legacy -I../Drivers/CMSIS/Device/ST/STM32G4xx/Include -I../Drivers/CMSIS/Include -O0 -ffunction-sections -fdata-sections -Wall -fstack-usage -fcyclomatic-complexity -MMD -MP -MF"Core/Src/stm32g4xx_hal_msp.d" -MT"Core/Src/stm32g4xx_hal_msp.o" --specs=nano.specs -mfpu=fpv4-sp-d16 -mfloat-abi=hard -mthumb -o "Core/Src/stm32g4xx_hal_msp.o"
arm-none-eabi-gcc "../Core/Src/stm32g4xx_it.c" -mcpu=cortex-m4 -std=gnu11 -g3 -DDEBUG -DUSE_HAL_DRIVER -DSTM32G474xx -c -I../Core/Inc -I../Drivers/STM32G4xx_HAL_Driver/Inc -I../Drivers/STM32G4xx_HAL_Driver/Inc/Legacy -I../Drivers/CMSIS/Device/ST/STM32G4xx/Include -I../Drivers/CMSIS/Include -O0 -ffunction-sections -fdata-sections -Wall -fstack-usage -fcyclomatic-complexity -MMD -MP -MF"Core/Src/stm32g4xx_it.d" -MT"Core/Src/stm32g4xx_it.o" --specs=nano.specs -mfpu=fpv4-sp-d16 -mfloat-abi=hard -mthumb -o "Core/Src/stm32g4xx_it.o"
arm-none-eabi-gcc -o "MODBUS2024ALT.elf" @"objects.list"   -mcpu=cortex-m4 -T"E:\Fibo_2_2\Stu\All_code\Robotic_Studio_III_ASRS\ModbusDemo2024\MODBUS2024ALT\STM32G474RETX_FLASH.ld" --specs=nosys.specs -Wl,-Map="MODBUS2024ALT.map" -Wl,--gc-sections -static --specs=nano.specs -mfpu=fpv4-sp-d16 -mfloat-abi=hard -mthumb -Wl,--start-group -lc -lm -Wl,--end-group
C:/ST/STM32CubeIDE_1.13.2/STM32CubeIDE/plugins/com.st.stm32cube.ide.mcu.externaltools.gnu-tools-for-stm32.12.3.rel1.win32_1.0.100.202403111256/tools/bin/../lib/gcc/arm-none-eabi/12.3.1/../../../../arm-none-eabi/bin/ld.exe: warning: MODBUS2024ALT.elf has a LOAD segment with RWX permissions
Finished building target: MODBUS2024ALT.elf
 
arm-none-eabi-size  MODBUS2024ALT.elf 
arm-none-eabi-objdump -h -S MODBUS2024ALT.elf  > "MODBUS2024ALT.list"
   text	   data	    bss	    dec	    hex	filename
  24800	    532	   4020	  29352	   72a8	MODBUS2024ALT.elf
Finished building: default.size.stdout
 
Finished building: MODBUS2024ALT.list
 
13:48:46 **** Build of configuration Debug for project MODBUS2024ALT ****
make -j12 all 
arm-none-eabi-size  MODBUS2024ALT.elf 
   text	   data	    bss	    dec	    hex	filename
  24800	    532	   4020	  29352	   72a8	MODBUS2024ALT.elf
Finished building: default.size.stdout
 
14:31:00 **** Incremental Build of configuration Debug for project MODBUS2024ALT ****
make -j12 all 
arm-none-eabi-size  MODBUS2024ALT.elf 
   text	   data	    bss	    dec	    hex	filename
  24800	    532	   4020	  29352	   72a8	MODBUS2024ALT.elf
Finished building: default.size.stdout
 
14:32:54 **** Incremental Build of configuration Debug for project MODBUS2024ALT ****
make -j12 all 
arm-none-eabi-size  MODBUS2024ALT.elf 
   text	   data	    bss	    dec	    hex	filename
  24800	    532	   4020	  29352	   72a8	MODBUS2024ALT.elf
Finished building: default.size.stdout
 
14:46:33 **** Incremental Build of configuration Debug for project MODBUS2024ALT ****
make -j12 all 
arm-none-eabi-gcc "../Core/Src/main.c" -mcpu=cortex-m4 -std=gnu11 -g3 -DDEBUG -DUSE_HAL_DRIVER -DSTM32G474xx -c -I../Core/Inc -I../Drivers/STM32G4xx_HAL_Driver/Inc -I../Drivers/STM32G4xx_HAL_Driver/Inc/Legacy -I../Drivers/CMSIS/Device/ST/STM32G4xx/Include -I../Drivers/CMSIS/Include -O0 -ffunction-sections -fdata-sections -Wall -fstack-usage -fcyclomatic-complexity -MMD -MP -MF"Core/Src/main.d" -MT"Core/Src/main.o" --specs=nano.specs -mfpu=fpv4-sp-d16 -mfloat-abi=hard -mthumb -o "Core/Src/main.o"
arm-none-eabi-gcc -o "MODBUS2024ALT.elf" @"objects.list"   -mcpu=cortex-m4 -T"E:\Fibo_2_2\Stu\All_code\Robotic_Studio_III_ASRS\ModbusDemo2024\MODBUS2024ALT\STM32G474RETX_FLASH.ld" --specs=nosys.specs -Wl,-Map="MODBUS2024ALT.map" -Wl,--gc-sections -static --specs=nano.specs -mfpu=fpv4-sp-d16 -mfloat-abi=hard -mthumb -Wl,--start-group -lc -lm -Wl,--end-group
C:/ST/STM32CubeIDE_1.13.2/STM32CubeIDE/plugins/com.st.stm32cube.ide.mcu.externaltools.gnu-tools-for-stm32.12.3.rel1.win32_1.0.100.202403111256/tools/bin/../lib/gcc/arm-none-eabi/12.3.1/../../../../arm-none-eabi/bin/ld.exe: warning: MODBUS2024ALT.elf has a LOAD segment with RWX permissions
Finished building target: MODBUS2024ALT.elf
 
arm-none-eabi-size  MODBUS2024ALT.elf 
arm-none-eabi-objdump -h -S MODBUS2024ALT.elf  > "MODBUS2024ALT.list"
   text	   data	    bss	    dec	    hex	filename
  24804	    532	   4020	  29356	   72ac	MODBUS2024ALT.elf
Finished building: default.size.stdout
 
Finished building: MODBUS2024ALT.list
 
14:52:02 **** Incremental Build of configuration Debug for project MODBUS2024ALT ****
make -j12 all 
arm-none-eabi-gcc "../Core/Src/main.c" -mcpu=cortex-m4 -std=gnu11 -g3 -DDEBUG -DUSE_HAL_DRIVER -DSTM32G474xx -c -I../Core/Inc -I../Drivers/STM32G4xx_HAL_Driver/Inc -I../Drivers/STM32G4xx_HAL_Driver/Inc/Legacy -I../Drivers/CMSIS/Device/ST/STM32G4xx/Include -I../Drivers/CMSIS/Include -O0 -ffunction-sections -fdata-sections -Wall -fstack-usage -fcyclomatic-complexity -MMD -MP -MF"Core/Src/main.d" -MT"Core/Src/main.o" --specs=nano.specs -mfpu=fpv4-sp-d16 -mfloat-abi=hard -mthumb -o "Core/Src/main.o"
arm-none-eabi-gcc -o "MODBUS2024ALT.elf" @"objects.list"   -mcpu=cortex-m4 -T"E:\Fibo_2_2\Stu\All_code\Robotic_Studio_III_ASRS\ModbusDemo2024\MODBUS2024ALT\STM32G474RETX_FLASH.ld" --specs=nosys.specs -Wl,-Map="MODBUS2024ALT.map" -Wl,--gc-sections -static --specs=nano.specs -mfpu=fpv4-sp-d16 -mfloat-abi=hard -mthumb -Wl,--start-group -lc -lm -Wl,--end-group
C:/ST/STM32CubeIDE_1.13.2/STM32CubeIDE/plugins/com.st.stm32cube.ide.mcu.externaltools.gnu-tools-for-stm32.12.3.rel1.win32_1.0.100.202403111256/tools/bin/../lib/gcc/arm-none-eabi/12.3.1/../../../../arm-none-eabi/bin/ld.exe: warning: MODBUS2024ALT.elf has a LOAD segment with RWX permissions
Finished building target: MODBUS2024ALT.elf
 
arm-none-eabi-size  MODBUS2024ALT.elf 
arm-none-eabi-objdump -h -S MODBUS2024ALT.elf  > "MODBUS2024ALT.list"
   text	   data	    bss	    dec	    hex	filename
  24804	    532	   4020	  29356	   72ac	MODBUS2024ALT.elf
Finished building: default.size.stdout
 
Finished building: MODBUS2024ALT.list
 
15:09:47 **** Incremental Build of configuration Debug for project MODBUS2024ALT ****
make -j12 all 
arm-none-eabi-size  MODBUS2024ALT.elf 
   text	   data	    bss	    dec	    hex	filename
  24804	    532	   4020	  29356	   72ac	MODBUS2024ALT.elf
Finished building: default.size.stdout
 
16:00:48 **** Incremental Build of configuration Debug for project MODBUS2024ALT ****
make -j12 all 
arm-none-eabi-gcc "../Core/Src/ModBusRTU.c" -mcpu=cortex-m4 -std=gnu11 -g3 -DDEBUG -DUSE_HAL_DRIVER -DSTM32G474xx -c -I../Core/Inc -I../Drivers/STM32G4xx_HAL_Driver/Inc -I../Drivers/STM32G4xx_HAL_Driver/Inc/Legacy -I../Drivers/CMSIS/Device/ST/STM32G4xx/Include -I../Drivers/CMSIS/Include -O0 -ffunction-sections -fdata-sections -Wall -fstack-usage -fcyclomatic-complexity -MMD -MP -MF"Core/Src/ModBusRTU.d" -MT"Core/Src/ModBusRTU.o" --specs=nano.specs -mfpu=fpv4-sp-d16 -mfloat-abi=hard -mthumb -o "Core/Src/ModBusRTU.o"
arm-none-eabi-gcc "../Core/Src/call_mode.c" -mcpu=cortex-m4 -std=gnu11 -g3 -DDEBUG -DUSE_HAL_DRIVER -DSTM32G474xx -c -I../Core/Inc -I../Drivers/STM32G4xx_HAL_Driver/Inc -I../Drivers/STM32G4xx_HAL_Driver/Inc/Legacy -I../Drivers/CMSIS/Device/ST/STM32G4xx/Include -I../Drivers/CMSIS/Include -O0 -ffunction-sections -fdata-sections -Wall -fstack-usage -fcyclomatic-complexity -MMD -MP -MF"Core/Src/call_mode.d" -MT"Core/Src/call_mode.o" --specs=nano.specs -mfpu=fpv4-sp-d16 -mfloat-abi=hard -mthumb -o "Core/Src/call_mode.o"
arm-none-eabi-gcc "../Core/Src/main.c" -mcpu=cortex-m4 -std=gnu11 -g3 -DDEBUG -DUSE_HAL_DRIVER -DSTM32G474xx -c -I../Core/Inc -I../Drivers/STM32G4xx_HAL_Driver/Inc -I../Drivers/STM32G4xx_HAL_Driver/Inc/Legacy -I../Drivers/CMSIS/Device/ST/STM32G4xx/Include -I../Drivers/CMSIS/Include -O0 -ffunction-sections -fdata-sections -Wall -fstack-usage -fcyclomatic-complexity -MMD -MP -MF"Core/Src/main.d" -MT"Core/Src/main.o" --specs=nano.specs -mfpu=fpv4-sp-d16 -mfloat-abi=hard -mthumb -o "Core/Src/main.o"
arm-none-eabi-gcc "../Core/Src/stm32g4xx_hal_msp.c" -mcpu=cortex-m4 -std=gnu11 -g3 -DDEBUG -DUSE_HAL_DRIVER -DSTM32G474xx -c -I../Core/Inc -I../Drivers/STM32G4xx_HAL_Driver/Inc -I../Drivers/STM32G4xx_HAL_Driver/Inc/Legacy -I../Drivers/CMSIS/Device/ST/STM32G4xx/Include -I../Drivers/CMSIS/Include -O0 -ffunction-sections -fdata-sections -Wall -fstack-usage -fcyclomatic-complexity -MMD -MP -MF"Core/Src/stm32g4xx_hal_msp.d" -MT"Core/Src/stm32g4xx_hal_msp.o" --specs=nano.specs -mfpu=fpv4-sp-d16 -mfloat-abi=hard -mthumb -o "Core/Src/stm32g4xx_hal_msp.o"
arm-none-eabi-gcc "../Core/Src/stm32g4xx_it.c" -mcpu=cortex-m4 -std=gnu11 -g3 -DDEBUG -DUSE_HAL_DRIVER -DSTM32G474xx -c -I../Core/Inc -I../Drivers/STM32G4xx_HAL_Driver/Inc -I../Drivers/STM32G4xx_HAL_Driver/Inc/Legacy -I../Drivers/CMSIS/Device/ST/STM32G4xx/Include -I../Drivers/CMSIS/Include -O0 -ffunction-sections -fdata-sections -Wall -fstack-usage -fcyclomatic-complexity -MMD -MP -MF"Core/Src/stm32g4xx_it.d" -MT"Core/Src/stm32g4xx_it.o" --specs=nano.specs -mfpu=fpv4-sp-d16 -mfloat-abi=hard -mthumb -o "Core/Src/stm32g4xx_it.o"
arm-none-eabi-gcc "../Core/Src/syscalls.c" -mcpu=cortex-m4 -std=gnu11 -g3 -DDEBUG -DUSE_HAL_DRIVER -DSTM32G474xx -c -I../Core/Inc -I../Drivers/STM32G4xx_HAL_Driver/Inc -I../Drivers/STM32G4xx_HAL_Driver/Inc/Legacy -I../Drivers/CMSIS/Device/ST/STM32G4xx/Include -I../Drivers/CMSIS/Include -O0 -ffunction-sections -fdata-sections -Wall -fstack-usage -fcyclomatic-complexity -MMD -MP -MF"Core/Src/syscalls.d" -MT"Core/Src/syscalls.o" --specs=nano.specs -mfpu=fpv4-sp-d16 -mfloat-abi=hard -mthumb -o "Core/Src/syscalls.o"
arm-none-eabi-gcc "../Core/Src/sysmem.c" -mcpu=cortex-m4 -std=gnu11 -g3 -DDEBUG -DUSE_HAL_DRIVER -DSTM32G474xx -c -I../Core/Inc -I../Drivers/STM32G4xx_HAL_Driver/Inc -I../Drivers/STM32G4xx_HAL_Driver/Inc/Legacy -I../Drivers/CMSIS/Device/ST/STM32G4xx/Include -I../Drivers/CMSIS/Include -O0 -ffunction-sections -fdata-sections -Wall -fstack-usage -fcyclomatic-complexity -MMD -MP -MF"Core/Src/sysmem.d" -MT"Core/Src/sysmem.o" --specs=nano.specs -mfpu=fpv4-sp-d16 -mfloat-abi=hard -mthumb -o "Core/Src/sysmem.o"
arm-none-eabi-gcc "../Core/Src/system_stm32g4xx.c" -mcpu=cortex-m4 -std=gnu11 -g3 -DDEBUG -DUSE_HAL_DRIVER -DSTM32G474xx -c -I../Core/Inc -I../Drivers/STM32G4xx_HAL_Driver/Inc -I../Drivers/STM32G4xx_HAL_Driver/Inc/Legacy -I../Drivers/CMSIS/Device/ST/STM32G4xx/Include -I../Drivers/CMSIS/Include -O0 -ffunction-sections -fdata-sections -Wall -fstack-usage -fcyclomatic-complexity -MMD -MP -MF"Core/Src/system_stm32g4xx.d" -MT"Core/Src/system_stm32g4xx.o" --specs=nano.specs -mfpu=fpv4-sp-d16 -mfloat-abi=hard -mthumb -o "Core/Src/system_stm32g4xx.o"
../Core/Src/call_mode.c: In function 'watch_mode':
../Core/Src/call_mode.c:5:12: error: 'registerFrame' undeclared (first use in this function)
    5 |         if(registerFrame[1] == 1){
      |            ^~~~~~~~~~~~~
../Core/Src/call_mode.c:5:12: note: each undeclared identifier is reported only once for each function it appears in
../Core/Src/call_mode.c:9:17: warning: implicit declaration of function 'do_home' [-Wimplicit-function-declaration]
    9 |                 do_home();
      |                 ^~~~~~~
../Core/Src/call_mode.c: At top level:
../Core/Src/call_mode.c:19:6: warning: conflicting types for 'do_home'; have 'void()'
   19 | void do_home(){
      |      ^~~~~~~
../Core/Src/call_mode.c:9:17: note: previous implicit declaration of 'do_home' with type 'void()'
    9 |                 do_home();
      |                 ^~~~~~~
../Core/Src/call_mode.c: In function 'do_home':
../Core/Src/call_mode.c:20:12: error: 'registerFrame' undeclared (first use in this function)
   20 |         if(registerFrame[11] == 0){
      |            ^~~~~~~~~~~~~
make: *** [Core/Src/subdir.mk:40: Core/Src/call_mode.o] Error 1
make: *** Waiting for unfinished jobs....
../Core/Src/main.c: In function 'main':
../Core/Src/main.c:123:11: warning: implicit declaration of function 'watch_mode' [-Wimplicit-function-declaration]
  123 |           watch_mode();
      |           ^~~~~~~~~~
"make -j12 all" terminated with exit code 2. Build might be incomplete.
16:42:38 **** Incremental Build of configuration Debug for project MODBUS2024ALT ****
make -j12 all 
arm-none-eabi-gcc "../Core/Src/ModBusRTU.c" -mcpu=cortex-m4 -std=gnu11 -g3 -DDEBUG -DUSE_HAL_DRIVER -DSTM32G474xx -c -I../Core/Inc -I../Drivers/STM32G4xx_HAL_Driver/Inc -I../Drivers/STM32G4xx_HAL_Driver/Inc/Legacy -I../Drivers/CMSIS/Device/ST/STM32G4xx/Include -I../Drivers/CMSIS/Include -O0 -ffunction-sections -fdata-sections -Wall -fstack-usage -fcyclomatic-complexity -MMD -MP -MF"Core/Src/ModBusRTU.d" -MT"Core/Src/ModBusRTU.o" --specs=nano.specs -mfpu=fpv4-sp-d16 -mfloat-abi=hard -mthumb -o "Core/Src/ModBusRTU.o"
arm-none-eabi-gcc "../Core/Src/call_mode.c" -mcpu=cortex-m4 -std=gnu11 -g3 -DDEBUG -DUSE_HAL_DRIVER -DSTM32G474xx -c -I../Core/Inc -I../Drivers/STM32G4xx_HAL_Driver/Inc -I../Drivers/STM32G4xx_HAL_Driver/Inc/Legacy -I../Drivers/CMSIS/Device/ST/STM32G4xx/Include -I../Drivers/CMSIS/Include -O0 -ffunction-sections -fdata-sections -Wall -fstack-usage -fcyclomatic-complexity -MMD -MP -MF"Core/Src/call_mode.d" -MT"Core/Src/call_mode.o" --specs=nano.specs -mfpu=fpv4-sp-d16 -mfloat-abi=hard -mthumb -o "Core/Src/call_mode.o"
arm-none-eabi-gcc "../Core/Src/globalVar.c" -mcpu=cortex-m4 -std=gnu11 -g3 -DDEBUG -DUSE_HAL_DRIVER -DSTM32G474xx -c -I../Core/Inc -I../Drivers/STM32G4xx_HAL_Driver/Inc -I../Drivers/STM32G4xx_HAL_Driver/Inc/Legacy -I../Drivers/CMSIS/Device/ST/STM32G4xx/Include -I../Drivers/CMSIS/Include -O0 -ffunction-sections -fdata-sections -Wall -fstack-usage -fcyclomatic-complexity -MMD -MP -MF"Core/Src/globalVar.d" -MT"Core/Src/globalVar.o" --specs=nano.specs -mfpu=fpv4-sp-d16 -mfloat-abi=hard -mthumb -o "Core/Src/globalVar.o"
arm-none-eabi-gcc "../Core/Src/main.c" -mcpu=cortex-m4 -std=gnu11 -g3 -DDEBUG -DUSE_HAL_DRIVER -DSTM32G474xx -c -I../Core/Inc -I../Drivers/STM32G4xx_HAL_Driver/Inc -I../Drivers/STM32G4xx_HAL_Driver/Inc/Legacy -I../Drivers/CMSIS/Device/ST/STM32G4xx/Include -I../Drivers/CMSIS/Include -O0 -ffunction-sections -fdata-sections -Wall -fstack-usage -fcyclomatic-complexity -MMD -MP -MF"Core/Src/main.d" -MT"Core/Src/main.o" --specs=nano.specs -mfpu=fpv4-sp-d16 -mfloat-abi=hard -mthumb -o "Core/Src/main.o"
arm-none-eabi-gcc "../Core/Src/stm32g4xx_hal_msp.c" -mcpu=cortex-m4 -std=gnu11 -g3 -DDEBUG -DUSE_HAL_DRIVER -DSTM32G474xx -c -I../Core/Inc -I../Drivers/STM32G4xx_HAL_Driver/Inc -I../Drivers/STM32G4xx_HAL_Driver/Inc/Legacy -I../Drivers/CMSIS/Device/ST/STM32G4xx/Include -I../Drivers/CMSIS/Include -O0 -ffunction-sections -fdata-sections -Wall -fstack-usage -fcyclomatic-complexity -MMD -MP -MF"Core/Src/stm32g4xx_hal_msp.d" -MT"Core/Src/stm32g4xx_hal_msp.o" --specs=nano.specs -mfpu=fpv4-sp-d16 -mfloat-abi=hard -mthumb -o "Core/Src/stm32g4xx_hal_msp.o"
arm-none-eabi-gcc "../Core/Src/stm32g4xx_it.c" -mcpu=cortex-m4 -std=gnu11 -g3 -DDEBUG -DUSE_HAL_DRIVER -DSTM32G474xx -c -I../Core/Inc -I../Drivers/STM32G4xx_HAL_Driver/Inc -I../Drivers/STM32G4xx_HAL_Driver/Inc/Legacy -I../Drivers/CMSIS/Device/ST/STM32G4xx/Include -I../Drivers/CMSIS/Include -O0 -ffunction-sections -fdata-sections -Wall -fstack-usage -fcyclomatic-complexity -MMD -MP -MF"Core/Src/stm32g4xx_it.d" -MT"Core/Src/stm32g4xx_it.o" --specs=nano.specs -mfpu=fpv4-sp-d16 -mfloat-abi=hard -mthumb -o "Core/Src/stm32g4xx_it.o"
arm-none-eabi-gcc "../Core/Src/syscalls.c" -mcpu=cortex-m4 -std=gnu11 -g3 -DDEBUG -DUSE_HAL_DRIVER -DSTM32G474xx -c -I../Core/Inc -I../Drivers/STM32G4xx_HAL_Driver/Inc -I../Drivers/STM32G4xx_HAL_Driver/Inc/Legacy -I../Drivers/CMSIS/Device/ST/STM32G4xx/Include -I../Drivers/CMSIS/Include -O0 -ffunction-sections -fdata-sections -Wall -fstack-usage -fcyclomatic-complexity -MMD -MP -MF"Core/Src/syscalls.d" -MT"Core/Src/syscalls.o" --specs=nano.specs -mfpu=fpv4-sp-d16 -mfloat-abi=hard -mthumb -o "Core/Src/syscalls.o"
arm-none-eabi-gcc "../Core/Src/sysmem.c" -mcpu=cortex-m4 -std=gnu11 -g3 -DDEBUG -DUSE_HAL_DRIVER -DSTM32G474xx -c -I../Core/Inc -I../Drivers/STM32G4xx_HAL_Driver/Inc -I../Drivers/STM32G4xx_HAL_Driver/Inc/Legacy -I../Drivers/CMSIS/Device/ST/STM32G4xx/Include -I../Drivers/CMSIS/Include -O0 -ffunction-sections -fdata-sections -Wall -fstack-usage -fcyclomatic-complexity -MMD -MP -MF"Core/Src/sysmem.d" -MT"Core/Src/sysmem.o" --specs=nano.specs -mfpu=fpv4-sp-d16 -mfloat-abi=hard -mthumb -o "Core/Src/sysmem.o"
arm-none-eabi-gcc "../Core/Src/system_stm32g4xx.c" -mcpu=cortex-m4 -std=gnu11 -g3 -DDEBUG -DUSE_HAL_DRIVER -DSTM32G474xx -c -I../Core/Inc -I../Drivers/STM32G4xx_HAL_Driver/Inc -I../Drivers/STM32G4xx_HAL_Driver/Inc/Legacy -I../Drivers/CMSIS/Device/ST/STM32G4xx/Include -I../Drivers/CMSIS/Include -O0 -ffunction-sections -fdata-sections -Wall -fstack-usage -fcyclomatic-complexity -MMD -MP -MF"Core/Src/system_stm32g4xx.d" -MT"Core/Src/system_stm32g4xx.o" --specs=nano.specs -mfpu=fpv4-sp-d16 -mfloat-abi=hard -mthumb -o "Core/Src/system_stm32g4xx.o"
../Core/Src/globalVar.c:1:1: error: unknown type name 'u16u8_t'
    1 | u16u8_t registerFrame[200];
      | ^~~~~~~
make: *** [Core/Src/subdir.mk:43: Core/Src/globalVar.o] Error 1
make: *** Waiting for unfinished jobs....
In file included from ../Core/Src/call_mode.c:3:
../Core/Inc/globalVar.h:11:8: warning: type defaults to 'int' in declaration of 'registerFrame' [-Wimplicit-int]
   11 | extern registerFrame[200];
      |        ^~~~~~~~~~~~~
../Core/Src/call_mode.c: In function 'watch_mode':
../Core/Src/call_mode.c:10:17: warning: implicit declaration of function 'do_home' [-Wimplicit-function-declaration]
   10 |                 do_home();
      |                 ^~~~~~~
../Core/Src/call_mode.c: At top level:
../Core/Src/call_mode.c:20:6: warning: conflicting types for 'do_home'; have 'void()'
   20 | void do_home(){
      |      ^~~~~~~
../Core/Src/call_mode.c:10:17: note: previous implicit declaration of 'do_home' with type 'void()'
   10 |                 do_home();
      |                 ^~~~~~~
../Core/Src/call_mode.c: In function 'do_home':
../Core/Src/call_mode.c:22:34: warning: statement with no effect [-Wunused-value]
   22 |                 registerFrame[1] == 0;
      |                 ~~~~~~~~~~~~~~~~~^~~~
../Core/Src/main.c: In function 'main':
../Core/Src/main.c:112:25: error: 'registerFrame' undeclared (first use in this function)
  112 |   Modbus_init(&hmodbus, registerFrame);
      |                         ^~~~~~~~~~~~~
../Core/Src/main.c:112:25: note: each undeclared identifier is reported only once for each function it appears in
../Core/Src/main.c:125:11: warning: implicit declaration of function 'watch_mode' [-Wimplicit-function-declaration]
  125 |           watch_mode();
      |           ^~~~~~~~~~
../Core/Src/main.c: In function 'HAL_TIM_PeriodElapsedCallback':
../Core/Src/main.c:369:9: error: 'registerFrame' undeclared (first use in this function)
  369 |         registerFrame[0x00].U16 = 22881;
      |         ^~~~~~~~~~~~~
make: *** [Core/Src/subdir.mk:43: Core/Src/main.o] Error 1
"make -j12 all" terminated with exit code 2. Build might be incomplete.
16:43:25 **** Incremental Build of configuration Debug for project MODBUS2024ALT ****
make -j12 all 
arm-none-eabi-gcc "../Core/Src/globalVar.c" -mcpu=cortex-m4 -std=gnu11 -g3 -DDEBUG -DUSE_HAL_DRIVER -DSTM32G474xx -c -I../Core/Inc -I../Drivers/STM32G4xx_HAL_Driver/Inc -I../Drivers/STM32G4xx_HAL_Driver/Inc/Legacy -I../Drivers/CMSIS/Device/ST/STM32G4xx/Include -I../Drivers/CMSIS/Include -O0 -ffunction-sections -fdata-sections -Wall -fstack-usage -fcyclomatic-complexity -MMD -MP -MF"Core/Src/globalVar.d" -MT"Core/Src/globalVar.o" --specs=nano.specs -mfpu=fpv4-sp-d16 -mfloat-abi=hard -mthumb -o "Core/Src/globalVar.o"
arm-none-eabi-gcc "../Core/Src/main.c" -mcpu=cortex-m4 -std=gnu11 -g3 -DDEBUG -DUSE_HAL_DRIVER -DSTM32G474xx -c -I../Core/Inc -I../Drivers/STM32G4xx_HAL_Driver/Inc -I../Drivers/STM32G4xx_HAL_Driver/Inc/Legacy -I../Drivers/CMSIS/Device/ST/STM32G4xx/Include -I../Drivers/CMSIS/Include -O0 -ffunction-sections -fdata-sections -Wall -fstack-usage -fcyclomatic-complexity -MMD -MP -MF"Core/Src/main.d" -MT"Core/Src/main.o" --specs=nano.specs -mfpu=fpv4-sp-d16 -mfloat-abi=hard -mthumb -o "Core/Src/main.o"
In file included from ../Core/Src/main.c:21:
../Core/Inc/globalVar.h:11:8: warning: type defaults to 'int' in declaration of 'registerFrame' [-Wimplicit-int]
   11 | extern registerFrame[200];
      |        ^~~~~~~~~~~~~
../Core/Src/main.c: In function 'main':
../Core/Src/main.c:112:25: warning: passing argument 2 of 'Modbus_init' from incompatible pointer type [-Wincompatible-pointer-types]
  112 |   Modbus_init(&hmodbus, registerFrame);
      |                         ^~~~~~~~~~~~~
      |                         |
      |                         int *
In file included from ../Core/Src/main.c:24:
../Core/Inc/ModBusRTU.h:99:40: note: expected 'u16u8_t *' but argument is of type 'int *'
   99 | void Modbus_init(ModbusHandleTypedef* ,u16u8_t*);
      |                                        ^~~~~~~~
../Core/Src/main.c:125:11: warning: implicit declaration of function 'watch_mode' [-Wimplicit-function-declaration]
  125 |           watch_mode();
      |           ^~~~~~~~~~
../Core/Src/main.c: In function 'HAL_TIM_PeriodElapsedCallback':
../Core/Src/main.c:369:28: error: request for member 'U16' in something not a structure or union
  369 |         registerFrame[0x00].U16 = 22881;
      |                            ^
make: *** [Core/Src/subdir.mk:43: Core/Src/main.o] Error 1
make: *** Waiting for unfinished jobs....
"make -j12 all" terminated with exit code 2. Build might be incomplete.
16:59:35 **** Incremental Build of configuration Debug for project MODBUS2024ALT ****
make -j12 all 
arm-none-eabi-gcc "../Core/Src/call_mode.c" -mcpu=cortex-m4 -std=gnu11 -g3 -DDEBUG -DUSE_HAL_DRIVER -DSTM32G474xx -c -I../Core/Inc -I../Drivers/STM32G4xx_HAL_Driver/Inc -I../Drivers/STM32G4xx_HAL_Driver/Inc/Legacy -I../Drivers/CMSIS/Device/ST/STM32G4xx/Include -I../Drivers/CMSIS/Include -O0 -ffunction-sections -fdata-sections -Wall -fstack-usage -fcyclomatic-complexity -MMD -MP -MF"Core/Src/call_mode.d" -MT"Core/Src/call_mode.o" --specs=nano.specs -mfpu=fpv4-sp-d16 -mfloat-abi=hard -mthumb -o "Core/Src/call_mode.o"
arm-none-eabi-gcc "../Core/Src/globalVar.c" -mcpu=cortex-m4 -std=gnu11 -g3 -DDEBUG -DUSE_HAL_DRIVER -DSTM32G474xx -c -I../Core/Inc -I../Drivers/STM32G4xx_HAL_Driver/Inc -I../Drivers/STM32G4xx_HAL_Driver/Inc/Legacy -I../Drivers/CMSIS/Device/ST/STM32G4xx/Include -I../Drivers/CMSIS/Include -O0 -ffunction-sections -fdata-sections -Wall -fstack-usage -fcyclomatic-complexity -MMD -MP -MF"Core/Src/globalVar.d" -MT"Core/Src/globalVar.o" --specs=nano.specs -mfpu=fpv4-sp-d16 -mfloat-abi=hard -mthumb -o "Core/Src/globalVar.o"
arm-none-eabi-gcc "../Core/Src/main.c" -mcpu=cortex-m4 -std=gnu11 -g3 -DDEBUG -DUSE_HAL_DRIVER -DSTM32G474xx -c -I../Core/Inc -I../Drivers/STM32G4xx_HAL_Driver/Inc -I../Drivers/STM32G4xx_HAL_Driver/Inc/Legacy -I../Drivers/CMSIS/Device/ST/STM32G4xx/Include -I../Drivers/CMSIS/Include -O0 -ffunction-sections -fdata-sections -Wall -fstack-usage -fcyclomatic-complexity -MMD -MP -MF"Core/Src/main.d" -MT"Core/Src/main.o" --specs=nano.specs -mfpu=fpv4-sp-d16 -mfloat-abi=hard -mthumb -o "Core/Src/main.o"
In file included from ../Core/Src/call_mode.c:3:
../Core/Inc/globalVar.h:12:8: warning: type defaults to 'int' in declaration of 'registerFrame' [-Wimplicit-int]
   12 | extern registerFrame[200];
      |        ^~~~~~~~~~~~~
../Core/Src/call_mode.c: In function 'watch_mode':
../Core/Src/call_mode.c:10:17: warning: implicit declaration of function 'do_home' [-Wimplicit-function-declaration]
   10 |                 do_home();
      |                 ^~~~~~~
../Core/Src/call_mode.c: At top level:
../Core/Src/call_mode.c:20:6: warning: conflicting types for 'do_home'; have 'void()'
   20 | void do_home(){
      |      ^~~~~~~
../Core/Src/call_mode.c:10:17: note: previous implicit declaration of 'do_home' with type 'void()'
   10 |                 do_home();
      |                 ^~~~~~~
../Core/Src/call_mode.c: In function 'do_home':
../Core/Src/call_mode.c:22:34: warning: statement with no effect [-Wunused-value]
   22 |                 registerFrame[1] == 0;
      |                 ~~~~~~~~~~~~~~~~~^~~~
In file included from ../Core/Src/main.c:21:
../Core/Inc/globalVar.h:12:8: warning: type defaults to 'int' in declaration of 'registerFrame' [-Wimplicit-int]
   12 | extern registerFrame[200];
      |        ^~~~~~~~~~~~~
../Core/Src/main.c: In function 'main':
../Core/Src/main.c:112:25: warning: passing argument 2 of 'Modbus_init' from incompatible pointer type [-Wincompatible-pointer-types]
  112 |   Modbus_init(&hmodbus, registerFrame);
      |                         ^~~~~~~~~~~~~
      |                         |
      |                         int *
In file included from ../Core/Inc/globalVar.h:7:
../Core/Inc/ModBusRTU.h:99:40: note: expected 'u16u8_t *' but argument is of type 'int *'
   99 | void Modbus_init(ModbusHandleTypedef* ,u16u8_t*);
      |                                        ^~~~~~~~
../Core/Src/main.c:125:11: warning: implicit declaration of function 'watch_mode' [-Wimplicit-function-declaration]
  125 |           watch_mode();
      |           ^~~~~~~~~~
../Core/Src/main.c: In function 'HAL_TIM_PeriodElapsedCallback':
../Core/Src/main.c:369:28: error: request for member 'U16' in something not a structure or union
  369 |         registerFrame[0x00].U16 = 22881;
      |                            ^
make: *** [Core/Src/subdir.mk:43: Core/Src/main.o] Error 1
make: *** Waiting for unfinished jobs....
"make -j12 all" terminated with exit code 2. Build might be incomplete.
17:00:14 **** Incremental Build of configuration Debug for project MODBUS2024ALT ****
make -j12 all 
arm-none-eabi-gcc "../Core/Src/call_mode.c" -mcpu=cortex-m4 -std=gnu11 -g3 -DDEBUG -DUSE_HAL_DRIVER -DSTM32G474xx -c -I../Core/Inc -I../Drivers/STM32G4xx_HAL_Driver/Inc -I../Drivers/STM32G4xx_HAL_Driver/Inc/Legacy -I../Drivers/CMSIS/Device/ST/STM32G4xx/Include -I../Drivers/CMSIS/Include -O0 -ffunction-sections -fdata-sections -Wall -fstack-usage -fcyclomatic-complexity -MMD -MP -MF"Core/Src/call_mode.d" -MT"Core/Src/call_mode.o" --specs=nano.specs -mfpu=fpv4-sp-d16 -mfloat-abi=hard -mthumb -o "Core/Src/call_mode.o"
arm-none-eabi-gcc "../Core/Src/main.c" -mcpu=cortex-m4 -std=gnu11 -g3 -DDEBUG -DUSE_HAL_DRIVER -DSTM32G474xx -c -I../Core/Inc -I../Drivers/STM32G4xx_HAL_Driver/Inc -I../Drivers/STM32G4xx_HAL_Driver/Inc/Legacy -I../Drivers/CMSIS/Device/ST/STM32G4xx/Include -I../Drivers/CMSIS/Include -O0 -ffunction-sections -fdata-sections -Wall -fstack-usage -fcyclomatic-complexity -MMD -MP -MF"Core/Src/main.d" -MT"Core/Src/main.o" --specs=nano.specs -mfpu=fpv4-sp-d16 -mfloat-abi=hard -mthumb -o "Core/Src/main.o"
../Core/Src/call_mode.c: In function 'watch_mode':
../Core/Src/call_mode.c:6:29: error: invalid operands to binary == (have 'u16u8_t' and 'int')
    6 |         if(registerFrame[1] == 1){
      |            ~~~~~~~~~~~~~~~~ ^~
      |                         |
      |                         u16u8_t
../Core/Src/call_mode.c:9:34: error: invalid operands to binary == (have 'u16u8_t' and 'int')
    9 |         else if(registerFrame[1] == 2){
      |                 ~~~~~~~~~~~~~~~~ ^~
      |                              |
      |                              u16u8_t
../Core/Src/call_mode.c:10:17: warning: implicit declaration of function 'do_home' [-Wimplicit-function-declaration]
   10 |                 do_home();
      |                 ^~~~~~~
../Core/Src/call_mode.c:12:34: error: invalid operands to binary == (have 'u16u8_t' and 'int')
   12 |         else if(registerFrame[1] == 3){
      |                 ~~~~~~~~~~~~~~~~ ^~
      |                              |
      |                              u16u8_t
../Core/Src/call_mode.c:15:34: error: invalid operands to binary == (have 'u16u8_t' and 'int')
   15 |         else if(registerFrame[1] == 4){
      |                 ~~~~~~~~~~~~~~~~ ^~
      |                              |
      |                              u16u8_t
../Core/Src/call_mode.c: At top level:
../Core/Src/call_mode.c:20:6: warning: conflicting types for 'do_home'; have 'void()'
   20 | void do_home(){
      |      ^~~~~~~
../Core/Src/call_mode.c:10:17: note: previous implicit declaration of 'do_home' with type 'void()'
   10 |                 do_home();
      |                 ^~~~~~~
../Core/Src/call_mode.c: In function 'do_home':
../Core/Src/call_mode.c:21:30: error: invalid operands to binary == (have 'u16u8_t' and 'int')
   21 |         if(registerFrame[11] == 0){
      |            ~~~~~~~~~~~~~~~~~ ^~
      |                         |
      |                         u16u8_t
../Core/Src/call_mode.c:22:34: error: invalid operands to binary == (have 'u16u8_t' and 'int')
   22 |                 registerFrame[1] == 0;
      |                 ~~~~~~~~~~~~~~~~ ^~
      |                              |
      |                              u16u8_t
make: *** [Core/Src/subdir.mk:43: Core/Src/call_mode.o] Error 1
make: *** Waiting for unfinished jobs....
../Core/Src/main.c: In function 'main':
../Core/Src/main.c:125:11: warning: implicit declaration of function 'watch_mode' [-Wimplicit-function-declaration]
  125 |           watch_mode();
      |           ^~~~~~~~~~
"make -j12 all" terminated with exit code 2. Build might be incomplete.
17:00:48 **** Incremental Build of configuration Debug for project MODBUS2024ALT ****
make -j12 all 
arm-none-eabi-gcc "../Core/Src/call_mode.c" -mcpu=cortex-m4 -std=gnu11 -g3 -DDEBUG -DUSE_HAL_DRIVER -DSTM32G474xx -c -I../Core/Inc -I../Drivers/STM32G4xx_HAL_Driver/Inc -I../Drivers/STM32G4xx_HAL_Driver/Inc/Legacy -I../Drivers/CMSIS/Device/ST/STM32G4xx/Include -I../Drivers/CMSIS/Include -O0 -ffunction-sections -fdata-sections -Wall -fstack-usage -fcyclomatic-complexity -MMD -MP -MF"Core/Src/call_mode.d" -MT"Core/Src/call_mode.o" --specs=nano.specs -mfpu=fpv4-sp-d16 -mfloat-abi=hard -mthumb -o "Core/Src/call_mode.o"
arm-none-eabi-gcc "../Core/Src/main.c" -mcpu=cortex-m4 -std=gnu11 -g3 -DDEBUG -DUSE_HAL_DRIVER -DSTM32G474xx -c -I../Core/Inc -I../Drivers/STM32G4xx_HAL_Driver/Inc -I../Drivers/STM32G4xx_HAL_Driver/Inc/Legacy -I../Drivers/CMSIS/Device/ST/STM32G4xx/Include -I../Drivers/CMSIS/Include -O0 -ffunction-sections -fdata-sections -Wall -fstack-usage -fcyclomatic-complexity -MMD -MP -MF"Core/Src/main.d" -MT"Core/Src/main.o" --specs=nano.specs -mfpu=fpv4-sp-d16 -mfloat-abi=hard -mthumb -o "Core/Src/main.o"
arm-none-eabi-gcc -o "MODBUS2024ALT.elf" @"objects.list"   -mcpu=cortex-m4 -T"E:\Fibo_2_2\Stu\All_code\Robotic_Studio_III_ASRS\ModbusDemo2024\MODBUS2024ALT\STM32G474RETX_FLASH.ld" --specs=nosys.specs -Wl,-Map="MODBUS2024ALT.map" -Wl,--gc-sections -static --specs=nano.specs -mfpu=fpv4-sp-d16 -mfloat-abi=hard -mthumb -Wl,--start-group -lc -lm -Wl,--end-group
C:/ST/STM32CubeIDE_1.13.2/STM32CubeIDE/plugins/com.st.stm32cube.ide.mcu.externaltools.gnu-tools-for-stm32.12.3.rel1.win32_1.0.100.202403111256/tools/bin/../lib/gcc/arm-none-eabi/12.3.1/../../../../arm-none-eabi/bin/ld.exe: warning: MODBUS2024ALT.elf has a LOAD segment with RWX permissions
Finished building target: MODBUS2024ALT.elf
 
arm-none-eabi-size  MODBUS2024ALT.elf 
arm-none-eabi-objdump -h -S MODBUS2024ALT.elf  > "MODBUS2024ALT.list"
   text	   data	    bss	    dec	    hex	filename
  24804	    532	   4020	  29356	   72ac	MODBUS2024ALT.elf
Finished building: default.size.stdout
 
Finished building: MODBUS2024ALT.list
 
17:03:17 **** Incremental Build of configuration Debug for project MODBUS2024ALT ****
make -j12 all 
arm-none-eabi-gcc "../Core/Src/call_mode.c" -mcpu=cortex-m4 -std=gnu11 -g3 -DDEBUG -DUSE_HAL_DRIVER -DSTM32G474xx -c -I../Core/Inc -I../Drivers/STM32G4xx_HAL_Driver/Inc -I../Drivers/STM32G4xx_HAL_Driver/Inc/Legacy -I../Drivers/CMSIS/Device/ST/STM32G4xx/Include -I../Drivers/CMSIS/Include -O0 -ffunction-sections -fdata-sections -Wall -fstack-usage -fcyclomatic-complexity -MMD -MP -MF"Core/Src/call_mode.d" -MT"Core/Src/call_mode.o" --specs=nano.specs -mfpu=fpv4-sp-d16 -mfloat-abi=hard -mthumb -o "Core/Src/call_mode.o"
arm-none-eabi-gcc "../Core/Src/main.c" -mcpu=cortex-m4 -std=gnu11 -g3 -DDEBUG -DUSE_HAL_DRIVER -DSTM32G474xx -c -I../Core/Inc -I../Drivers/STM32G4xx_HAL_Driver/Inc -I../Drivers/STM32G4xx_HAL_Driver/Inc/Legacy -I../Drivers/CMSIS/Device/ST/STM32G4xx/Include -I../Drivers/CMSIS/Include -O0 -ffunction-sections -fdata-sections -Wall -fstack-usage -fcyclomatic-complexity -MMD -MP -MF"Core/Src/main.d" -MT"Core/Src/main.o" --specs=nano.specs -mfpu=fpv4-sp-d16 -mfloat-abi=hard -mthumb -o "Core/Src/main.o"
../Core/Src/call_mode.c: In function 'watch_mode':
../Core/Src/call_mode.c:10:17: warning: implicit declaration of function 'do_home' [-Wimplicit-function-declaration]
   10 |                 do_home();
      |                 ^~~~~~~
../Core/Src/call_mode.c: At top level:
../Core/Src/call_mode.c:20:6: warning: conflicting types for 'do_home'; have 'void()'
   20 | void do_home(){
      |      ^~~~~~~
../Core/Src/call_mode.c:10:17: note: previous implicit declaration of 'do_home' with type 'void()'
   10 |                 do_home();
      |                 ^~~~~~~
../Core/Src/call_mode.c: In function 'do_home':
../Core/Src/call_mode.c:22:38: warning: statement with no effect [-Wunused-value]
   22 |                 registerFrame[1].U16 == 0;
      |                 ~~~~~~~~~~~~~~~~~~~~~^~~~
../Core/Src/main.c: In function 'main':
../Core/Src/main.c:125:11: warning: implicit declaration of function 'watch_mode' [-Wimplicit-function-declaration]
  125 |           watch_mode();
      |           ^~~~~~~~~~
arm-none-eabi-gcc -o "MODBUS2024ALT.elf" @"objects.list"   -mcpu=cortex-m4 -T"E:\Fibo_2_2\Stu\All_code\Robotic_Studio_III_ASRS\ModbusDemo2024\MODBUS2024ALT\STM32G474RETX_FLASH.ld" --specs=nosys.specs -Wl,-Map="MODBUS2024ALT.map" -Wl,--gc-sections -static --specs=nano.specs -mfpu=fpv4-sp-d16 -mfloat-abi=hard -mthumb -Wl,--start-group -lc -lm -Wl,--end-group
C:/ST/STM32CubeIDE_1.13.2/STM32CubeIDE/plugins/com.st.stm32cube.ide.mcu.externaltools.gnu-tools-for-stm32.12.3.rel1.win32_1.0.100.202403111256/tools/bin/../lib/gcc/arm-none-eabi/12.3.1/../../../../arm-none-eabi/bin/ld.exe: warning: MODBUS2024ALT.elf has a LOAD segment with RWX permissions
Finished building target: MODBUS2024ALT.elf
 
arm-none-eabi-size  MODBUS2024ALT.elf 
arm-none-eabi-objdump -h -S MODBUS2024ALT.elf  > "MODBUS2024ALT.list"
   text	   data	    bss	    dec	    hex	filename
  24876	    532	   4020	  29428	   72f4	MODBUS2024ALT.elf
Finished building: default.size.stdout
 
Finished building: MODBUS2024ALT.list
 
17:04:48 **** Incremental Build of configuration Debug for project MODBUS2024ALT ****
make -j12 all 
arm-none-eabi-gcc "../Core/Src/call_mode.c" -mcpu=cortex-m4 -std=gnu11 -g3 -DDEBUG -DUSE_HAL_DRIVER -DSTM32G474xx -c -I../Core/Inc -I../Drivers/STM32G4xx_HAL_Driver/Inc -I../Drivers/STM32G4xx_HAL_Driver/Inc/Legacy -I../Drivers/CMSIS/Device/ST/STM32G4xx/Include -I../Drivers/CMSIS/Include -O0 -ffunction-sections -fdata-sections -Wall -fstack-usage -fcyclomatic-complexity -MMD -MP -MF"Core/Src/call_mode.d" -MT"Core/Src/call_mode.o" --specs=nano.specs -mfpu=fpv4-sp-d16 -mfloat-abi=hard -mthumb -o "Core/Src/call_mode.o"
../Core/Src/call_mode.c: In function 'watch_mode':
../Core/Src/call_mode.c:10:17: warning: implicit declaration of function 'do_home' [-Wimplicit-function-declaration]
   10 |                 do_home();
      |                 ^~~~~~~
../Core/Src/call_mode.c: At top level:
../Core/Src/call_mode.c:20:6: warning: conflicting types for 'do_home'; have 'void()'
   20 | void do_home(){
      |      ^~~~~~~
../Core/Src/call_mode.c:10:17: note: previous implicit declaration of 'do_home' with type 'void()'
   10 |                 do_home();
      |                 ^~~~~~~
arm-none-eabi-gcc -o "MODBUS2024ALT.elf" @"objects.list"   -mcpu=cortex-m4 -T"E:\Fibo_2_2\Stu\All_code\Robotic_Studio_III_ASRS\ModbusDemo2024\MODBUS2024ALT\STM32G474RETX_FLASH.ld" --specs=nosys.specs -Wl,-Map="MODBUS2024ALT.map" -Wl,--gc-sections -static --specs=nano.specs -mfpu=fpv4-sp-d16 -mfloat-abi=hard -mthumb -Wl,--start-group -lc -lm -Wl,--end-group
C:/ST/STM32CubeIDE_1.13.2/STM32CubeIDE/plugins/com.st.stm32cube.ide.mcu.externaltools.gnu-tools-for-stm32.12.3.rel1.win32_1.0.100.202403111256/tools/bin/../lib/gcc/arm-none-eabi/12.3.1/../../../../arm-none-eabi/bin/ld.exe: warning: MODBUS2024ALT.elf has a LOAD segment with RWX permissions
Finished building target: MODBUS2024ALT.elf
 
arm-none-eabi-size  MODBUS2024ALT.elf 
arm-none-eabi-objdump -h -S MODBUS2024ALT.elf  > "MODBUS2024ALT.list"
   text	   data	    bss	    dec	    hex	filename
  24884	    532	   4020	  29436	   72fc	MODBUS2024ALT.elf
Finished building: default.size.stdout
 
Finished building: MODBUS2024ALT.list
 
17:07:36 **** Incremental Build of configuration Debug for project MODBUS2024ALT ****
make -j12 all 
arm-none-eabi-size  MODBUS2024ALT.elf 
   text	   data	    bss	    dec	    hex	filename
  24884	    532	   4020	  29436	   72fc	MODBUS2024ALT.elf
Finished building: default.size.stdout
 
17:11:52 **** Incremental Build of configuration Debug for project MODBUS2024ALT ****
make -j12 all 
arm-none-eabi-gcc "../Core/Src/call_mode.c" -mcpu=cortex-m4 -std=gnu11 -g3 -DDEBUG -DUSE_HAL_DRIVER -DSTM32G474xx -c -I../Core/Inc -I../Drivers/STM32G4xx_HAL_Driver/Inc -I../Drivers/STM32G4xx_HAL_Driver/Inc/Legacy -I../Drivers/CMSIS/Device/ST/STM32G4xx/Include -I../Drivers/CMSIS/Include -O0 -ffunction-sections -fdata-sections -Wall -fstack-usage -fcyclomatic-complexity -MMD -MP -MF"Core/Src/call_mode.d" -MT"Core/Src/call_mode.o" --specs=nano.specs -mfpu=fpv4-sp-d16 -mfloat-abi=hard -mthumb -o "Core/Src/call_mode.o"
../Core/Src/call_mode.c: In function 'watch_mode':
../Core/Src/call_mode.c:10:17: warning: implicit declaration of function 'do_home' [-Wimplicit-function-declaration]
   10 |                 do_home();
      |                 ^~~~~~~
../Core/Src/call_mode.c: At top level:
../Core/Src/call_mode.c:20:6: warning: conflicting types for 'do_home'; have 'void()'
   20 | void do_home(){
      |      ^~~~~~~
../Core/Src/call_mode.c:10:17: note: previous implicit declaration of 'do_home' with type 'void()'
   10 |                 do_home();
      |                 ^~~~~~~
arm-none-eabi-gcc -o "MODBUS2024ALT.elf" @"objects.list"   -mcpu=cortex-m4 -T"E:\Fibo_2_2\Stu\All_code\Robotic_Studio_III_ASRS\ModbusDemo2024\MODBUS2024ALT\STM32G474RETX_FLASH.ld" --specs=nosys.specs -Wl,-Map="MODBUS2024ALT.map" -Wl,--gc-sections -static --specs=nano.specs -mfpu=fpv4-sp-d16 -mfloat-abi=hard -mthumb -Wl,--start-group -lc -lm -Wl,--end-group
C:/ST/STM32CubeIDE_1.13.2/STM32CubeIDE/plugins/com.st.stm32cube.ide.mcu.externaltools.gnu-tools-for-stm32.12.3.rel1.win32_1.0.100.202403111256/tools/bin/../lib/gcc/arm-none-eabi/12.3.1/../../../../arm-none-eabi/bin/ld.exe: warning: MODBUS2024ALT.elf has a LOAD segment with RWX permissions
Finished building target: MODBUS2024ALT.elf
 
arm-none-eabi-size  MODBUS2024ALT.elf 
arm-none-eabi-objdump -h -S MODBUS2024ALT.elf  > "MODBUS2024ALT.list"
   text	   data	    bss	    dec	    hex	filename
  24892	    532	   4020	  29444	   7304	MODBUS2024ALT.elf
Finished building: default.size.stdout
 
Finished building: MODBUS2024ALT.list
 
17:14:15 **** Incremental Build of configuration Debug for project MODBUS2024ALT ****
make -j12 all 
arm-none-eabi-gcc "../Core/Src/call_mode.c" -mcpu=cortex-m4 -std=gnu11 -g3 -DDEBUG -DUSE_HAL_DRIVER -DSTM32G474xx -c -I../Core/Inc -I../Drivers/STM32G4xx_HAL_Driver/Inc -I../Drivers/STM32G4xx_HAL_Driver/Inc/Legacy -I../Drivers/CMSIS/Device/ST/STM32G4xx/Include -I../Drivers/CMSIS/Include -O0 -ffunction-sections -fdata-sections -Wall -fstack-usage -fcyclomatic-complexity -MMD -MP -MF"Core/Src/call_mode.d" -MT"Core/Src/call_mode.o" --specs=nano.specs -mfpu=fpv4-sp-d16 -mfloat-abi=hard -mthumb -o "Core/Src/call_mode.o"
../Core/Src/call_mode.c: In function 'watch_mode':
../Core/Src/call_mode.c:10:17: warning: implicit declaration of function 'do_home' [-Wimplicit-function-declaration]
   10 |                 do_home();
      |                 ^~~~~~~
../Core/Src/call_mode.c: At top level:
../Core/Src/call_mode.c:20:6: warning: conflicting types for 'do_home'; have 'void()'
   20 | void do_home(){
      |      ^~~~~~~
../Core/Src/call_mode.c:10:17: note: previous implicit declaration of 'do_home' with type 'void()'
   10 |                 do_home();
      |                 ^~~~~~~
arm-none-eabi-gcc -o "MODBUS2024ALT.elf" @"objects.list"   -mcpu=cortex-m4 -T"E:\Fibo_2_2\Stu\All_code\Robotic_Studio_III_ASRS\ModbusDemo2024\MODBUS2024ALT\STM32G474RETX_FLASH.ld" --specs=nosys.specs -Wl,-Map="MODBUS2024ALT.map" -Wl,--gc-sections -static --specs=nano.specs -mfpu=fpv4-sp-d16 -mfloat-abi=hard -mthumb -Wl,--start-group -lc -lm -Wl,--end-group
C:/ST/STM32CubeIDE_1.13.2/STM32CubeIDE/plugins/com.st.stm32cube.ide.mcu.externaltools.gnu-tools-for-stm32.12.3.rel1.win32_1.0.100.202403111256/tools/bin/../lib/gcc/arm-none-eabi/12.3.1/../../../../arm-none-eabi/bin/ld.exe: warning: MODBUS2024ALT.elf has a LOAD segment with RWX permissions
Finished building target: MODBUS2024ALT.elf
 
arm-none-eabi-size  MODBUS2024ALT.elf 
arm-none-eabi-objdump -h -S MODBUS2024ALT.elf  > "MODBUS2024ALT.list"
   text	   data	    bss	    dec	    hex	filename
  24892	    532	   4020	  29444	   7304	MODBUS2024ALT.elf
Finished building: default.size.stdout
 
Finished building: MODBUS2024ALT.list
 
17:15:44 **** Incremental Build of configuration Debug for project MODBUS2024ALT ****
make -j12 all 
arm-none-eabi-gcc "../Core/Src/main.c" -mcpu=cortex-m4 -std=gnu11 -g3 -DDEBUG -DUSE_HAL_DRIVER -DSTM32G474xx -c -I../Core/Inc -I../Drivers/STM32G4xx_HAL_Driver/Inc -I../Drivers/STM32G4xx_HAL_Driver/Inc/Legacy -I../Drivers/CMSIS/Device/ST/STM32G4xx/Include -I../Drivers/CMSIS/Include -O0 -ffunction-sections -fdata-sections -Wall -fstack-usage -fcyclomatic-complexity -MMD -MP -MF"Core/Src/main.d" -MT"Core/Src/main.o" --specs=nano.specs -mfpu=fpv4-sp-d16 -mfloat-abi=hard -mthumb -o "Core/Src/main.o"
../Core/Src/main.c: In function 'main':
../Core/Src/main.c:112:25: error: 'registerFrame' undeclared (first use in this function)
  112 |   Modbus_init(&hmodbus, registerFrame);
      |                         ^~~~~~~~~~~~~
../Core/Src/main.c:112:25: note: each undeclared identifier is reported only once for each function it appears in
../Core/Src/main.c:125:11: warning: implicit declaration of function 'watch_mode' [-Wimplicit-function-declaration]
  125 |           watch_mode();
      |           ^~~~~~~~~~
../Core/Src/main.c: In function 'HAL_TIM_PeriodElapsedCallback':
../Core/Src/main.c:370:9: error: 'registerFrame' undeclared (first use in this function)
  370 |         registerFrame[0x00].U16 = 22881;
      |         ^~~~~~~~~~~~~
make: *** [Core/Src/subdir.mk:43: Core/Src/main.o] Error 1
"make -j12 all" terminated with exit code 2. Build might be incomplete.
17:16:26 **** Incremental Build of configuration Debug for project MODBUS2024ALT ****
make -j12 all 
arm-none-eabi-gcc "../Core/Src/main.c" -mcpu=cortex-m4 -std=gnu11 -g3 -DDEBUG -DUSE_HAL_DRIVER -DSTM32G474xx -c -I../Core/Inc -I../Drivers/STM32G4xx_HAL_Driver/Inc -I../Drivers/STM32G4xx_HAL_Driver/Inc/Legacy -I../Drivers/CMSIS/Device/ST/STM32G4xx/Include -I../Drivers/CMSIS/Include -O0 -ffunction-sections -fdata-sections -Wall -fstack-usage -fcyclomatic-complexity -MMD -MP -MF"Core/Src/main.d" -MT"Core/Src/main.o" --specs=nano.specs -mfpu=fpv4-sp-d16 -mfloat-abi=hard -mthumb -o "Core/Src/main.o"
../Core/Src/main.c: In function 'main':
../Core/Src/main.c:125:11: warning: implicit declaration of function 'watch_mode' [-Wimplicit-function-declaration]
  125 |           watch_mode();
      |           ^~~~~~~~~~
arm-none-eabi-gcc -o "MODBUS2024ALT.elf" @"objects.list"   -mcpu=cortex-m4 -T"E:\Fibo_2_2\Stu\All_code\Robotic_Studio_III_ASRS\ModbusDemo2024\MODBUS2024ALT\STM32G474RETX_FLASH.ld" --specs=nosys.specs -Wl,-Map="MODBUS2024ALT.map" -Wl,--gc-sections -static --specs=nano.specs -mfpu=fpv4-sp-d16 -mfloat-abi=hard -mthumb -Wl,--start-group -lc -lm -Wl,--end-group
C:/ST/STM32CubeIDE_1.13.2/STM32CubeIDE/plugins/com.st.stm32cube.ide.mcu.externaltools.gnu-tools-for-stm32.12.3.rel1.win32_1.0.100.202403111256/tools/bin/../lib/gcc/arm-none-eabi/12.3.1/../../../../arm-none-eabi/bin/ld.exe: warning: MODBUS2024ALT.elf has a LOAD segment with RWX permissions
Finished building target: MODBUS2024ALT.elf
 
arm-none-eabi-size  MODBUS2024ALT.elf 
arm-none-eabi-objdump -h -S MODBUS2024ALT.elf  > "MODBUS2024ALT.list"
   text	   data	    bss	    dec	    hex	filename
  24888	    532	   4020	  29440	   7300	MODBUS2024ALT.elf
Finished building: default.size.stdout
 
Finished building: MODBUS2024ALT.list
 
17:17:21 **** Incremental Build of configuration Debug for project MODBUS2024ALT ****
make -j12 all 
arm-none-eabi-size  MODBUS2024ALT.elf 
   text	   data	    bss	    dec	    hex	filename
  24888	    532	   4020	  29440	   7300	MODBUS2024ALT.elf
Finished building: default.size.stdout
 
17:18:09 **** Incremental Build of configuration Debug for project MODBUS2024ALT ****
make -j12 all 
arm-none-eabi-gcc "../Core/Src/main.c" -mcpu=cortex-m4 -std=gnu11 -g3 -DDEBUG -DUSE_HAL_DRIVER -DSTM32G474xx -c -I../Core/Inc -I../Drivers/STM32G4xx_HAL_Driver/Inc -I../Drivers/STM32G4xx_HAL_Driver/Inc/Legacy -I../Drivers/CMSIS/Device/ST/STM32G4xx/Include -I../Drivers/CMSIS/Include -O0 -ffunction-sections -fdata-sections -Wall -fstack-usage -fcyclomatic-complexity -MMD -MP -MF"Core/Src/main.d" -MT"Core/Src/main.o" --specs=nano.specs -mfpu=fpv4-sp-d16 -mfloat-abi=hard -mthumb -o "Core/Src/main.o"
../Core/Src/main.c: In function 'main':
../Core/Src/main.c:112:25: error: 'registerFrame' undeclared (first use in this function)
  112 |   Modbus_init(&hmodbus, registerFrame);
      |                         ^~~~~~~~~~~~~
../Core/Src/main.c:112:25: note: each undeclared identifier is reported only once for each function it appears in
../Core/Src/main.c:125:11: warning: implicit declaration of function 'watch_mode' [-Wimplicit-function-declaration]
  125 |           watch_mode();
      |           ^~~~~~~~~~
../Core/Src/main.c: In function 'HAL_TIM_PeriodElapsedCallback':
../Core/Src/main.c:370:9: error: 'registerFrame' undeclared (first use in this function)
  370 |         registerFrame[0x00].U16 = 22881;
      |         ^~~~~~~~~~~~~
make: *** [Core/Src/subdir.mk:43: Core/Src/main.o] Error 1
"make -j12 all" terminated with exit code 2. Build might be incomplete.
17:18:27 **** Incremental Build of configuration Debug for project MODBUS2024ALT ****
make -j12 all 
arm-none-eabi-gcc "../Core/Src/main.c" -mcpu=cortex-m4 -std=gnu11 -g3 -DDEBUG -DUSE_HAL_DRIVER -DSTM32G474xx -c -I../Core/Inc -I../Drivers/STM32G4xx_HAL_Driver/Inc -I../Drivers/STM32G4xx_HAL_Driver/Inc/Legacy -I../Drivers/CMSIS/Device/ST/STM32G4xx/Include -I../Drivers/CMSIS/Include -O0 -ffunction-sections -fdata-sections -Wall -fstack-usage -fcyclomatic-complexity -MMD -MP -MF"Core/Src/main.d" -MT"Core/Src/main.o" --specs=nano.specs -mfpu=fpv4-sp-d16 -mfloat-abi=hard -mthumb -o "Core/Src/main.o"
../Core/Src/main.c: In function 'main':
../Core/Src/main.c:126:11: warning: implicit declaration of function 'watch_mode' [-Wimplicit-function-declaration]
  126 |           watch_mode();
      |           ^~~~~~~~~~
arm-none-eabi-gcc -o "MODBUS2024ALT.elf" @"objects.list"   -mcpu=cortex-m4 -T"E:\Fibo_2_2\Stu\All_code\Robotic_Studio_III_ASRS\ModbusDemo2024\MODBUS2024ALT\STM32G474RETX_FLASH.ld" --specs=nosys.specs -Wl,-Map="MODBUS2024ALT.map" -Wl,--gc-sections -static --specs=nano.specs -mfpu=fpv4-sp-d16 -mfloat-abi=hard -mthumb -Wl,--start-group -lc -lm -Wl,--end-group
C:/ST/STM32CubeIDE_1.13.2/STM32CubeIDE/plugins/com.st.stm32cube.ide.mcu.externaltools.gnu-tools-for-stm32.12.3.rel1.win32_1.0.100.202403111256/tools/bin/../lib/gcc/arm-none-eabi/12.3.1/../../../../arm-none-eabi/bin/ld.exe: warning: MODBUS2024ALT.elf has a LOAD segment with RWX permissions
Finished building target: MODBUS2024ALT.elf
 
arm-none-eabi-size  MODBUS2024ALT.elf 
arm-none-eabi-objdump -h -S MODBUS2024ALT.elf  > "MODBUS2024ALT.list"
   text	   data	    bss	    dec	    hex	filename
  24892	    532	   4020	  29444	   7304	MODBUS2024ALT.elf
Finished building: default.size.stdout
 
Finished building: MODBUS2024ALT.list
 
17:23:54 **** Incremental Build of configuration Debug for project MODBUS2024ALT ****
make -j12 all 
arm-none-eabi-gcc "../Core/Src/call_mode.c" -mcpu=cortex-m4 -std=gnu11 -g3 -DDEBUG -DUSE_HAL_DRIVER -DSTM32G474xx -c -I../Core/Inc -I../Drivers/STM32G4xx_HAL_Driver/Inc -I../Drivers/STM32G4xx_HAL_Driver/Inc/Legacy -I../Drivers/CMSIS/Device/ST/STM32G4xx/Include -I../Drivers/CMSIS/Include -O0 -ffunction-sections -fdata-sections -Wall -fstack-usage -fcyclomatic-complexity -MMD -MP -MF"Core/Src/call_mode.d" -MT"Core/Src/call_mode.o" --specs=nano.specs -mfpu=fpv4-sp-d16 -mfloat-abi=hard -mthumb -o "Core/Src/call_mode.o"
../Core/Src/call_mode.c: In function 'watch_mode':
../Core/Src/call_mode.c:10:17: warning: implicit declaration of function 'do_home' [-Wimplicit-function-declaration]
   10 |                 do_home();
      |                 ^~~~~~~
../Core/Src/call_mode.c: At top level:
../Core/Src/call_mode.c:20:6: warning: conflicting types for 'do_home'; have 'void()'
   20 | void do_home(){
      |      ^~~~~~~
../Core/Src/call_mode.c:10:17: note: previous implicit declaration of 'do_home' with type 'void()'
   10 |                 do_home();
      |                 ^~~~~~~
arm-none-eabi-gcc -o "MODBUS2024ALT.elf" @"objects.list"   -mcpu=cortex-m4 -T"E:\Fibo_2_2\Stu\All_code\Robotic_Studio_III_ASRS\ModbusDemo2024\MODBUS2024ALT\STM32G474RETX_FLASH.ld" --specs=nosys.specs -Wl,-Map="MODBUS2024ALT.map" -Wl,--gc-sections -static --specs=nano.specs -mfpu=fpv4-sp-d16 -mfloat-abi=hard -mthumb -Wl,--start-group -lc -lm -Wl,--end-group
C:/ST/STM32CubeIDE_1.13.2/STM32CubeIDE/plugins/com.st.stm32cube.ide.mcu.externaltools.gnu-tools-for-stm32.12.3.rel1.win32_1.0.100.202403111256/tools/bin/../lib/gcc/arm-none-eabi/12.3.1/../../../../arm-none-eabi/bin/ld.exe: warning: MODBUS2024ALT.elf has a LOAD segment with RWX permissions
Finished building target: MODBUS2024ALT.elf
 
arm-none-eabi-size  MODBUS2024ALT.elf 
arm-none-eabi-objdump -h -S MODBUS2024ALT.elf  > "MODBUS2024ALT.list"
   text	   data	    bss	    dec	    hex	filename
  24896	    532	   4020	  29448	   7308	MODBUS2024ALT.elf
Finished building: default.size.stdout
 
Finished building: MODBUS2024ALT.list
 
17:27:00 **** Incremental Build of configuration Debug for project MODBUS2024ALT ****
make -j12 all 
arm-none-eabi-gcc "../Core/Src/call_mode.c" -mcpu=cortex-m4 -std=gnu11 -g3 -DDEBUG -DUSE_HAL_DRIVER -DSTM32G474xx -c -I../Core/Inc -I../Drivers/STM32G4xx_HAL_Driver/Inc -I../Drivers/STM32G4xx_HAL_Driver/Inc/Legacy -I../Drivers/CMSIS/Device/ST/STM32G4xx/Include -I../Drivers/CMSIS/Include -O0 -ffunction-sections -fdata-sections -Wall -fstack-usage -fcyclomatic-complexity -MMD -MP -MF"Core/Src/call_mode.d" -MT"Core/Src/call_mode.o" --specs=nano.specs -mfpu=fpv4-sp-d16 -mfloat-abi=hard -mthumb -o "Core/Src/call_mode.o"
../Core/Src/call_mode.c: In function 'watch_mode':
../Core/Src/call_mode.c:10:17: warning: implicit declaration of function 'do_home' [-Wimplicit-function-declaration]
   10 |                 do_home();
      |                 ^~~~~~~
../Core/Src/call_mode.c: At top level:
../Core/Src/call_mode.c:20:6: warning: conflicting types for 'do_home'; have 'void()'
   20 | void do_home(){
      |      ^~~~~~~
../Core/Src/call_mode.c:10:17: note: previous implicit declaration of 'do_home' with type 'void()'
   10 |                 do_home();
      |                 ^~~~~~~
arm-none-eabi-gcc -o "MODBUS2024ALT.elf" @"objects.list"   -mcpu=cortex-m4 -T"E:\Fibo_2_2\Stu\All_code\Robotic_Studio_III_ASRS\ModbusDemo2024\MODBUS2024ALT\STM32G474RETX_FLASH.ld" --specs=nosys.specs -Wl,-Map="MODBUS2024ALT.map" -Wl,--gc-sections -static --specs=nano.specs -mfpu=fpv4-sp-d16 -mfloat-abi=hard -mthumb -Wl,--start-group -lc -lm -Wl,--end-group
C:/ST/STM32CubeIDE_1.13.2/STM32CubeIDE/plugins/com.st.stm32cube.ide.mcu.externaltools.gnu-tools-for-stm32.12.3.rel1.win32_1.0.100.202403111256/tools/bin/../lib/gcc/arm-none-eabi/12.3.1/../../../../arm-none-eabi/bin/ld.exe: warning: MODBUS2024ALT.elf has a LOAD segment with RWX permissions
Finished building target: MODBUS2024ALT.elf
 
arm-none-eabi-size  MODBUS2024ALT.elf 
arm-none-eabi-objdump -h -S MODBUS2024ALT.elf  > "MODBUS2024ALT.list"
   text	   data	    bss	    dec	    hex	filename
  24896	    532	   4020	  29448	   7308	MODBUS2024ALT.elf
Finished building: default.size.stdout
 
Finished building: MODBUS2024ALT.list
 
17:28:04 **** Incremental Build of configuration Debug for project MODBUS2024ALT ****
make -j12 all 
arm-none-eabi-gcc "../Core/Src/call_mode.c" -mcpu=cortex-m4 -std=gnu11 -g3 -DDEBUG -DUSE_HAL_DRIVER -DSTM32G474xx -c -I../Core/Inc -I../Drivers/STM32G4xx_HAL_Driver/Inc -I../Drivers/STM32G4xx_HAL_Driver/Inc/Legacy -I../Drivers/CMSIS/Device/ST/STM32G4xx/Include -I../Drivers/CMSIS/Include -O0 -ffunction-sections -fdata-sections -Wall -fstack-usage -fcyclomatic-complexity -MMD -MP -MF"Core/Src/call_mode.d" -MT"Core/Src/call_mode.o" --specs=nano.specs -mfpu=fpv4-sp-d16 -mfloat-abi=hard -mthumb -o "Core/Src/call_mode.o"
../Core/Src/call_mode.c: In function 'watch_mode':
../Core/Src/call_mode.c:10:17: warning: implicit declaration of function 'do_home' [-Wimplicit-function-declaration]
   10 |                 do_home();
      |                 ^~~~~~~
../Core/Src/call_mode.c: At top level:
../Core/Src/call_mode.c:20:6: warning: conflicting types for 'do_home'; have 'void()'
   20 | void do_home(){
      |      ^~~~~~~
../Core/Src/call_mode.c:10:17: note: previous implicit declaration of 'do_home' with type 'void()'
   10 |                 do_home();
      |                 ^~~~~~~
arm-none-eabi-gcc -o "MODBUS2024ALT.elf" @"objects.list"   -mcpu=cortex-m4 -T"E:\Fibo_2_2\Stu\All_code\Robotic_Studio_III_ASRS\ModbusDemo2024\MODBUS2024ALT\STM32G474RETX_FLASH.ld" --specs=nosys.specs -Wl,-Map="MODBUS2024ALT.map" -Wl,--gc-sections -static --specs=nano.specs -mfpu=fpv4-sp-d16 -mfloat-abi=hard -mthumb -Wl,--start-group -lc -lm -Wl,--end-group
C:/ST/STM32CubeIDE_1.13.2/STM32CubeIDE/plugins/com.st.stm32cube.ide.mcu.externaltools.gnu-tools-for-stm32.12.3.rel1.win32_1.0.100.202403111256/tools/bin/../lib/gcc/arm-none-eabi/12.3.1/../../../../arm-none-eabi/bin/ld.exe: warning: MODBUS2024ALT.elf has a LOAD segment with RWX permissions
Finished building target: MODBUS2024ALT.elf
 
arm-none-eabi-size  MODBUS2024ALT.elf 
arm-none-eabi-objdump -h -S MODBUS2024ALT.elf  > "MODBUS2024ALT.list"
   text	   data	    bss	    dec	    hex	filename
  24884	    532	   4020	  29436	   72fc	MODBUS2024ALT.elf
Finished building: default.size.stdout
 
Finished building: MODBUS2024ALT.list
 
15:28:53 **** Incremental Build of configuration Debug for project MODBUS2024ALT ****
make -j12 all 
arm-none-eabi-gcc "../Core/Src/ModBusRTU.c" -mcpu=cortex-m4 -std=gnu11 -g3 -DDEBUG -DUSE_HAL_DRIVER -DSTM32G474xx -c -I../Core/Inc -I../Drivers/STM32G4xx_HAL_Driver/Inc -I../Drivers/STM32G4xx_HAL_Driver/Inc/Legacy -I../Drivers/CMSIS/Device/ST/STM32G4xx/Include -I../Drivers/CMSIS/Include -O0 -ffunction-sections -fdata-sections -Wall -fstack-usage -fcyclomatic-complexity -MMD -MP -MF"Core/Src/ModBusRTU.d" -MT"Core/Src/ModBusRTU.o" --specs=nano.specs -mfpu=fpv4-sp-d16 -mfloat-abi=hard -mthumb -o "Core/Src/ModBusRTU.o"
arm-none-eabi-gcc "../Core/Src/call_data.c" -mcpu=cortex-m4 -std=gnu11 -g3 -DDEBUG -DUSE_HAL_DRIVER -DSTM32G474xx -c -I../Core/Inc -I../Drivers/STM32G4xx_HAL_Driver/Inc -I../Drivers/STM32G4xx_HAL_Driver/Inc/Legacy -I../Drivers/CMSIS/Device/ST/STM32G4xx/Include -I../Drivers/CMSIS/Include -O0 -ffunction-sections -fdata-sections -Wall -fstack-usage -fcyclomatic-complexity -MMD -MP -MF"Core/Src/call_data.d" -MT"Core/Src/call_data.o" --specs=nano.specs -mfpu=fpv4-sp-d16 -mfloat-abi=hard -mthumb -o "Core/Src/call_data.o"
arm-none-eabi-gcc "../Core/Src/call_mode.c" -mcpu=cortex-m4 -std=gnu11 -g3 -DDEBUG -DUSE_HAL_DRIVER -DSTM32G474xx -c -I../Core/Inc -I../Drivers/STM32G4xx_HAL_Driver/Inc -I../Drivers/STM32G4xx_HAL_Driver/Inc/Legacy -I../Drivers/CMSIS/Device/ST/STM32G4xx/Include -I../Drivers/CMSIS/Include -O0 -ffunction-sections -fdata-sections -Wall -fstack-usage -fcyclomatic-complexity -MMD -MP -MF"Core/Src/call_mode.d" -MT"Core/Src/call_mode.o" --specs=nano.specs -mfpu=fpv4-sp-d16 -mfloat-abi=hard -mthumb -o "Core/Src/call_mode.o"
arm-none-eabi-gcc "../Core/Src/globalVar.c" -mcpu=cortex-m4 -std=gnu11 -g3 -DDEBUG -DUSE_HAL_DRIVER -DSTM32G474xx -c -I../Core/Inc -I../Drivers/STM32G4xx_HAL_Driver/Inc -I../Drivers/STM32G4xx_HAL_Driver/Inc/Legacy -I../Drivers/CMSIS/Device/ST/STM32G4xx/Include -I../Drivers/CMSIS/Include -O0 -ffunction-sections -fdata-sections -Wall -fstack-usage -fcyclomatic-complexity -MMD -MP -MF"Core/Src/globalVar.d" -MT"Core/Src/globalVar.o" --specs=nano.specs -mfpu=fpv4-sp-d16 -mfloat-abi=hard -mthumb -o "Core/Src/globalVar.o"
arm-none-eabi-gcc "../Core/Src/main.c" -mcpu=cortex-m4 -std=gnu11 -g3 -DDEBUG -DUSE_HAL_DRIVER -DSTM32G474xx -c -I../Core/Inc -I../Drivers/STM32G4xx_HAL_Driver/Inc -I../Drivers/STM32G4xx_HAL_Driver/Inc/Legacy -I../Drivers/CMSIS/Device/ST/STM32G4xx/Include -I../Drivers/CMSIS/Include -O0 -ffunction-sections -fdata-sections -Wall -fstack-usage -fcyclomatic-complexity -MMD -MP -MF"Core/Src/main.d" -MT"Core/Src/main.o" --specs=nano.specs -mfpu=fpv4-sp-d16 -mfloat-abi=hard -mthumb -o "Core/Src/main.o"
arm-none-eabi-gcc "../Core/Src/motor_control.c" -mcpu=cortex-m4 -std=gnu11 -g3 -DDEBUG -DUSE_HAL_DRIVER -DSTM32G474xx -c -I../Core/Inc -I../Drivers/STM32G4xx_HAL_Driver/Inc -I../Drivers/STM32G4xx_HAL_Driver/Inc/Legacy -I../Drivers/CMSIS/Device/ST/STM32G4xx/Include -I../Drivers/CMSIS/Include -O0 -ffunction-sections -fdata-sections -Wall -fstack-usage -fcyclomatic-complexity -MMD -MP -MF"Core/Src/motor_control.d" -MT"Core/Src/motor_control.o" --specs=nano.specs -mfpu=fpv4-sp-d16 -mfloat-abi=hard -mthumb -o "Core/Src/motor_control.o"
arm-none-eabi-gcc "../Core/Src/stm32g4xx_hal_msp.c" -mcpu=cortex-m4 -std=gnu11 -g3 -DDEBUG -DUSE_HAL_DRIVER -DSTM32G474xx -c -I../Core/Inc -I../Drivers/STM32G4xx_HAL_Driver/Inc -I../Drivers/STM32G4xx_HAL_Driver/Inc/Legacy -I../Drivers/CMSIS/Device/ST/STM32G4xx/Include -I../Drivers/CMSIS/Include -O0 -ffunction-sections -fdata-sections -Wall -fstack-usage -fcyclomatic-complexity -MMD -MP -MF"Core/Src/stm32g4xx_hal_msp.d" -MT"Core/Src/stm32g4xx_hal_msp.o" --specs=nano.specs -mfpu=fpv4-sp-d16 -mfloat-abi=hard -mthumb -o "Core/Src/stm32g4xx_hal_msp.o"
arm-none-eabi-gcc "../Core/Src/stm32g4xx_it.c" -mcpu=cortex-m4 -std=gnu11 -g3 -DDEBUG -DUSE_HAL_DRIVER -DSTM32G474xx -c -I../Core/Inc -I../Drivers/STM32G4xx_HAL_Driver/Inc -I../Drivers/STM32G4xx_HAL_Driver/Inc/Legacy -I../Drivers/CMSIS/Device/ST/STM32G4xx/Include -I../Drivers/CMSIS/Include -O0 -ffunction-sections -fdata-sections -Wall -fstack-usage -fcyclomatic-complexity -MMD -MP -MF"Core/Src/stm32g4xx_it.d" -MT"Core/Src/stm32g4xx_it.o" --specs=nano.specs -mfpu=fpv4-sp-d16 -mfloat-abi=hard -mthumb -o "Core/Src/stm32g4xx_it.o"
arm-none-eabi-gcc "../Core/Src/syscalls.c" -mcpu=cortex-m4 -std=gnu11 -g3 -DDEBUG -DUSE_HAL_DRIVER -DSTM32G474xx -c -I../Core/Inc -I../Drivers/STM32G4xx_HAL_Driver/Inc -I../Drivers/STM32G4xx_HAL_Driver/Inc/Legacy -I../Drivers/CMSIS/Device/ST/STM32G4xx/Include -I../Drivers/CMSIS/Include -O0 -ffunction-sections -fdata-sections -Wall -fstack-usage -fcyclomatic-complexity -MMD -MP -MF"Core/Src/syscalls.d" -MT"Core/Src/syscalls.o" --specs=nano.specs -mfpu=fpv4-sp-d16 -mfloat-abi=hard -mthumb -o "Core/Src/syscalls.o"
arm-none-eabi-gcc "../Core/Src/sysmem.c" -mcpu=cortex-m4 -std=gnu11 -g3 -DDEBUG -DUSE_HAL_DRIVER -DSTM32G474xx -c -I../Core/Inc -I../Drivers/STM32G4xx_HAL_Driver/Inc -I../Drivers/STM32G4xx_HAL_Driver/Inc/Legacy -I../Drivers/CMSIS/Device/ST/STM32G4xx/Include -I../Drivers/CMSIS/Include -O0 -ffunction-sections -fdata-sections -Wall -fstack-usage -fcyclomatic-complexity -MMD -MP -MF"Core/Src/sysmem.d" -MT"Core/Src/sysmem.o" --specs=nano.specs -mfpu=fpv4-sp-d16 -mfloat-abi=hard -mthumb -o "Core/Src/sysmem.o"
arm-none-eabi-gcc "../Core/Src/system_stm32g4xx.c" -mcpu=cortex-m4 -std=gnu11 -g3 -DDEBUG -DUSE_HAL_DRIVER -DSTM32G474xx -c -I../Core/Inc -I../Drivers/STM32G4xx_HAL_Driver/Inc -I../Drivers/STM32G4xx_HAL_Driver/Inc/Legacy -I../Drivers/CMSIS/Device/ST/STM32G4xx/Include -I../Drivers/CMSIS/Include -O0 -ffunction-sections -fdata-sections -Wall -fstack-usage -fcyclomatic-complexity -MMD -MP -MF"Core/Src/system_stm32g4xx.d" -MT"Core/Src/system_stm32g4xx.o" --specs=nano.specs -mfpu=fpv4-sp-d16 -mfloat-abi=hard -mthumb -o "Core/Src/system_stm32g4xx.o"
../Core/Src/call_mode.c: In function 'watch_mode':
../Core/Src/call_mode.c:10:17: warning: implicit declaration of function 'do_home' [-Wimplicit-function-declaration]
   10 |                 do_home();
      |                 ^~~~~~~
../Core/Src/call_mode.c: At top level:
../Core/Src/call_mode.c:20:6: warning: conflicting types for 'do_home'; have 'void()'
   20 | void do_home(){
      |      ^~~~~~~
../Core/Src/call_mode.c:10:17: note: previous implicit declaration of 'do_home' with type 'void()'
   10 |                 do_home();
      |                 ^~~~~~~
../Core/Src/call_mode.c: In function 'run_point_mode':
../Core/Src/call_mode.c:41:31: error: incompatible types when assigning to type 'u16u8_t' from type 'int'
   41 |         registerFrame[0x01] = 0;
      |                               ^
../Core/Src/call_mode.c:42:31: error: incompatible types when assigning to type 'u16u8_t' from type 'int'
   42 |         registerFrame[0x10] = 16;
      |                               ^~
../Core/Src/call_mode.c:44:31: error: incompatible types when assigning to type 'u16u8_t' from type 'int'
   44 |         registerFrame[0x10] = 0;
      |                               ^
../Core/Src/call_mode.c: In function 'run_jog_mode':
../Core/Src/call_mode.c:49:31: error: incompatible types when assigning to type 'u16u8_t' from type 'int'
   49 |         registerFrame[0x01] = 0;
      |                               ^
../Core/Src/call_mode.c:50:28: error: incompatible types when initializing type 'uint16_t' {aka 'short unsigned int'} using type 'u16u8_t'
   50 |         uint16_t pickall = registerFrame[0x21], placeall = registerFrame[0x22];
      |                            ^~~~~~~~~~~~~
../Core/Src/call_mode.c:50:60: error: incompatible types when initializing type 'uint16_t' {aka 'short unsigned int'} using type 'u16u8_t'
   50 |         uint16_t pickall = registerFrame[0x21], placeall = registerFrame[0x22];
      |                                                            ^~~~~~~~~~~~~
../Core/Src/call_data.c: In function 'sendall':
../Core/Src/call_data.c:10:31: error: incompatible types when assigning to type 'u16u8_t' from type 'uint8_t' {aka 'unsigned char'}
   10 |         registerFrame[0x04] = gripperMovementActualStatus;
      |                               ^~~~~~~~~~~~~~~~~~~~~~~~~~~
../Core/Src/call_data.c:11:31: error: incompatible types when assigning to type 'u16u8_t' from type 'uint8_t' {aka 'unsigned char'}
   11 |         registerFrame[0x10] = zMovementStatus;
      |                               ^~~~~~~~~~~~~~~
../Core/Src/call_mode.c:67:31: error: incompatible types when assigning to type 'u16u8_t' from type 'int'
   67 |         registerFrame[0x10] = 0;
      |                               ^
../Core/Src/call_mode.c:61:16: warning: unused variable 'allshelves' [-Wunused-variable]
   61 |         double allshelves[5] = {fifthShelve,secondShelve,thirdShelve,fourthShelve,fifthShelve};
      |                ^~~~~~~~~~
../Core/Src/call_data.c:12:31: error: incompatible types when assigning to type 'u16u8_t' from type 'double'
   12 |         registerFrame[0x11] = zPosition;
      |                               ^~~~~~~~~
../Core/Src/call_data.c:13:31: error: incompatible types when assigning to type 'u16u8_t' from type 'double'
   13 |         registerFrame[0x12] = zSpeed;
      |                               ^~~~~~
../Core/Src/call_data.c:14:31: error: incompatible types when assigning to type 'u16u8_t' from type 'double'
   14 |         registerFrame[0x13] = zAccel;
      |                               ^~~~~~
../Core/Src/call_data.c:15:31: error: incompatible types when assigning to type 'u16u8_t' from type 'double'
   15 |         registerFrame[0x40] = xPosition;
      |                               ^~~~~~~~~
../Core/Src/main.c: In function 'main':
../Core/Src/main.c:127:11: warning: implicit declaration of function 'watch_mode'; did you mean 'watch_mdoe'? [-Wimplicit-function-declaration]
  127 |           watch_mode();
      |           ^~~~~~~~~~
      |           watch_mdoe
make: *** [Core/Src/subdir.mk:49: Core/Src/call_mode.o] Error 1
make: *** Waiting for unfinished jobs....
make: *** [Core/Src/subdir.mk:49: Core/Src/call_data.o] Error 1
"make -j12 all" terminated with exit code 2. Build might be incomplete.
15:29:22 **** Incremental Build of configuration Debug for project MODBUS2024ALT ****
make -j12 all 
arm-none-eabi-gcc "../Core/Src/call_data.c" -mcpu=cortex-m4 -std=gnu11 -g3 -DDEBUG -DUSE_HAL_DRIVER -DSTM32G474xx -c -I../Core/Inc -I../Drivers/STM32G4xx_HAL_Driver/Inc -I../Drivers/STM32G4xx_HAL_Driver/Inc/Legacy -I../Drivers/CMSIS/Device/ST/STM32G4xx/Include -I../Drivers/CMSIS/Include -O0 -ffunction-sections -fdata-sections -Wall -fstack-usage -fcyclomatic-complexity -MMD -MP -MF"Core/Src/call_data.d" -MT"Core/Src/call_data.o" --specs=nano.specs -mfpu=fpv4-sp-d16 -mfloat-abi=hard -mthumb -o "Core/Src/call_data.o"
arm-none-eabi-gcc "../Core/Src/call_mode.c" -mcpu=cortex-m4 -std=gnu11 -g3 -DDEBUG -DUSE_HAL_DRIVER -DSTM32G474xx -c -I../Core/Inc -I../Drivers/STM32G4xx_HAL_Driver/Inc -I../Drivers/STM32G4xx_HAL_Driver/Inc/Legacy -I../Drivers/CMSIS/Device/ST/STM32G4xx/Include -I../Drivers/CMSIS/Include -O0 -ffunction-sections -fdata-sections -Wall -fstack-usage -fcyclomatic-complexity -MMD -MP -MF"Core/Src/call_mode.d" -MT"Core/Src/call_mode.o" --specs=nano.specs -mfpu=fpv4-sp-d16 -mfloat-abi=hard -mthumb -o "Core/Src/call_mode.o"
arm-none-eabi-gcc "../Core/Src/main.c" -mcpu=cortex-m4 -std=gnu11 -g3 -DDEBUG -DUSE_HAL_DRIVER -DSTM32G474xx -c -I../Core/Inc -I../Drivers/STM32G4xx_HAL_Driver/Inc -I../Drivers/STM32G4xx_HAL_Driver/Inc/Legacy -I../Drivers/CMSIS/Device/ST/STM32G4xx/Include -I../Drivers/CMSIS/Include -O0 -ffunction-sections -fdata-sections -Wall -fstack-usage -fcyclomatic-complexity -MMD -MP -MF"Core/Src/main.d" -MT"Core/Src/main.o" --specs=nano.specs -mfpu=fpv4-sp-d16 -mfloat-abi=hard -mthumb -o "Core/Src/main.o"
../Core/Src/call_data.c: In function 'sendall':
../Core/Src/call_data.c:10:31: error: incompatible types when assigning to type 'u16u8_t' from type 'uint8_t' {aka 'unsigned char'}
   10 |         registerFrame[0x04] = gripperMovementActualStatus;
      |                               ^~~~~~~~~~~~~~~~~~~~~~~~~~~
../Core/Src/call_data.c:11:31: error: incompatible types when assigning to type 'u16u8_t' from type 'uint8_t' {aka 'unsigned char'}
   11 |         registerFrame[0x10] = zMovementStatus;
      |                               ^~~~~~~~~~~~~~~
../Core/Src/call_data.c:12:31: error: incompatible types when assigning to type 'u16u8_t' from type 'double'
   12 |         registerFrame[0x11] = zPosition;
      |                               ^~~~~~~~~
../Core/Src/call_data.c:13:31: error: incompatible types when assigning to type 'u16u8_t' from type 'double'
   13 |         registerFrame[0x12] = zSpeed;
      |                               ^~~~~~
../Core/Src/call_data.c:14:31: error: incompatible types when assigning to type 'u16u8_t' from type 'double'
   14 |         registerFrame[0x13] = zAccel;
      |                               ^~~~~~
../Core/Src/call_data.c:15:31: error: incompatible types when assigning to type 'u16u8_t' from type 'double'
   15 |         registerFrame[0x40] = xPosition;
      |                               ^~~~~~~~~
make: *** [Core/Src/subdir.mk:49: Core/Src/call_data.o] Error 1
make: *** Waiting for unfinished jobs....
../Core/Src/call_mode.c: In function 'watch_mode':
../Core/Src/call_mode.c:10:17: warning: implicit declaration of function 'do_home' [-Wimplicit-function-declaration]
   10 |                 do_home();
      |                 ^~~~~~~
../Core/Src/call_mode.c: At top level:
../Core/Src/call_mode.c:20:6: warning: conflicting types for 'do_home'; have 'void()'
   20 | void do_home(){
      |      ^~~~~~~
../Core/Src/call_mode.c:10:17: note: previous implicit declaration of 'do_home' with type 'void()'
   10 |                 do_home();
      |                 ^~~~~~~
../Core/Src/call_mode.c: In function 'run_point_mode':
../Core/Src/call_mode.c:41:31: error: incompatible types when assigning to type 'u16u8_t' from type 'int'
   41 |         registerFrame[0x01] = 0;
      |                               ^
../Core/Src/call_mode.c:42:31: error: incompatible types when assigning to type 'u16u8_t' from type 'int'
   42 |         registerFrame[0x10] = 16;
      |                               ^~
../Core/Src/call_mode.c:44:31: error: incompatible types when assigning to type 'u16u8_t' from type 'int'
   44 |         registerFrame[0x10] = 0;
      |                               ^
../Core/Src/call_mode.c: In function 'run_jog_mode':
../Core/Src/call_mode.c:49:31: error: incompatible types when assigning to type 'u16u8_t' from type 'int'
   49 |         registerFrame[0x01] = 0;
      |                               ^
../Core/Src/call_mode.c:50:28: error: incompatible types when initializing type 'uint16_t' {aka 'short unsigned int'} using type 'u16u8_t'
   50 |         uint16_t pickall = registerFrame[0x21], placeall = registerFrame[0x22];
      |                            ^~~~~~~~~~~~~
../Core/Src/call_mode.c:50:60: error: incompatible types when initializing type 'uint16_t' {aka 'short unsigned int'} using type 'u16u8_t'
   50 |         uint16_t pickall = registerFrame[0x21], placeall = registerFrame[0x22];
      |                                                            ^~~~~~~~~~~~~
../Core/Src/call_mode.c:67:31: error: incompatible types when assigning to type 'u16u8_t' from type 'int'
   67 |         registerFrame[0x10] = 0;
      |                               ^
../Core/Src/call_mode.c:61:16: warning: unused variable 'allshelves' [-Wunused-variable]
   61 |         double allshelves[5] = {fifthShelve,secondShelve,thirdShelve,fourthShelve,fifthShelve};
      |                ^~~~~~~~~~
make: *** [Core/Src/subdir.mk:49: Core/Src/call_mode.o] Error 1
"make -j12 all" terminated with exit code 2. Build might be incomplete.
15:29:43 **** Incremental Build of configuration Debug for project MODBUS2024ALT ****
make -j12 all 
arm-none-eabi-gcc "../Core/Src/call_data.c" -mcpu=cortex-m4 -std=gnu11 -g3 -DDEBUG -DUSE_HAL_DRIVER -DSTM32G474xx -c -I../Core/Inc -I../Drivers/STM32G4xx_HAL_Driver/Inc -I../Drivers/STM32G4xx_HAL_Driver/Inc/Legacy -I../Drivers/CMSIS/Device/ST/STM32G4xx/Include -I../Drivers/CMSIS/Include -O0 -ffunction-sections -fdata-sections -Wall -fstack-usage -fcyclomatic-complexity -MMD -MP -MF"Core/Src/call_data.d" -MT"Core/Src/call_data.o" --specs=nano.specs -mfpu=fpv4-sp-d16 -mfloat-abi=hard -mthumb -o "Core/Src/call_data.o"
arm-none-eabi-gcc "../Core/Src/call_mode.c" -mcpu=cortex-m4 -std=gnu11 -g3 -DDEBUG -DUSE_HAL_DRIVER -DSTM32G474xx -c -I../Core/Inc -I../Drivers/STM32G4xx_HAL_Driver/Inc -I../Drivers/STM32G4xx_HAL_Driver/Inc/Legacy -I../Drivers/CMSIS/Device/ST/STM32G4xx/Include -I../Drivers/CMSIS/Include -O0 -ffunction-sections -fdata-sections -Wall -fstack-usage -fcyclomatic-complexity -MMD -MP -MF"Core/Src/call_mode.d" -MT"Core/Src/call_mode.o" --specs=nano.specs -mfpu=fpv4-sp-d16 -mfloat-abi=hard -mthumb -o "Core/Src/call_mode.o"
arm-none-eabi-gcc -o "MODBUS2024ALT.elf" @"objects.list"   -mcpu=cortex-m4 -T"E:\Fibo_2_2\Stu\All_code\Robotic_Studio_III_ASRS\ModbusDemo2024\MODBUS2024ALT\STM32G474RETX_FLASH.ld" --specs=nosys.specs -Wl,-Map="MODBUS2024ALT.map" -Wl,--gc-sections -static --specs=nano.specs -mfpu=fpv4-sp-d16 -mfloat-abi=hard -mthumb -Wl,--start-group -lc -lm -Wl,--end-group
C:/ST/STM32CubeIDE_1.13.2/STM32CubeIDE/plugins/com.st.stm32cube.ide.mcu.externaltools.gnu-tools-for-stm32.12.3.rel1.win32_1.0.100.202403111256/tools/bin/../lib/gcc/arm-none-eabi/12.3.1/../../../../arm-none-eabi/bin/ld.exe: warning: MODBUS2024ALT.elf has a LOAD segment with RWX permissions
C:/ST/STM32CubeIDE_1.13.2/STM32CubeIDE/plugins/com.st.stm32cube.ide.mcu.externaltools.gnu-tools-for-stm32.12.3.rel1.win32_1.0.100.202403111256/tools/bin/../lib/gcc/arm-none-eabi/12.3.1/../../../../arm-none-eabi/bin/ld.exe: ./Core/Src/main.o: in function `HAL_TIM_PeriodElapsedCallback':
E:/Fibo_2_2/Stu/All_code/Robotic_Studio_III_ASRS/ModbusDemo2024/MODBUS2024ALT/Debug/../Core/Src/main.c:373: undefined reference to `sendall'
collect2.exe: error: ld returned 1 exit status
make: *** [makefile:64: MODBUS2024ALT.elf] Error 1
"make -j12 all" terminated with exit code 2. Build might be incomplete.
15:29:49 **** Incremental Build of configuration Debug for project MODBUS2024ALT ****
make -j12 all 
arm-none-eabi-gcc "../Core/Src/main.c" -mcpu=cortex-m4 -std=gnu11 -g3 -DDEBUG -DUSE_HAL_DRIVER -DSTM32G474xx -c -I../Core/Inc -I../Drivers/STM32G4xx_HAL_Driver/Inc -I../Drivers/STM32G4xx_HAL_Driver/Inc/Legacy -I../Drivers/CMSIS/Device/ST/STM32G4xx/Include -I../Drivers/CMSIS/Include -O0 -ffunction-sections -fdata-sections -Wall -fstack-usage -fcyclomatic-complexity -MMD -MP -MF"Core/Src/main.d" -MT"Core/Src/main.o" --specs=nano.specs -mfpu=fpv4-sp-d16 -mfloat-abi=hard -mthumb -o "Core/Src/main.o"
arm-none-eabi-gcc -o "MODBUS2024ALT.elf" @"objects.list"   -mcpu=cortex-m4 -T"E:\Fibo_2_2\Stu\All_code\Robotic_Studio_III_ASRS\ModbusDemo2024\MODBUS2024ALT\STM32G474RETX_FLASH.ld" --specs=nosys.specs -Wl,-Map="MODBUS2024ALT.map" -Wl,--gc-sections -static --specs=nano.specs -mfpu=fpv4-sp-d16 -mfloat-abi=hard -mthumb -Wl,--start-group -lc -lm -Wl,--end-group
C:/ST/STM32CubeIDE_1.13.2/STM32CubeIDE/plugins/com.st.stm32cube.ide.mcu.externaltools.gnu-tools-for-stm32.12.3.rel1.win32_1.0.100.202403111256/tools/bin/../lib/gcc/arm-none-eabi/12.3.1/../../../../arm-none-eabi/bin/ld.exe: warning: MODBUS2024ALT.elf has a LOAD segment with RWX permissions
Finished building target: MODBUS2024ALT.elf
 
arm-none-eabi-size  MODBUS2024ALT.elf 
arm-none-eabi-objdump -h -S MODBUS2024ALT.elf  > "MODBUS2024ALT.list"
   text	   data	    bss	    dec	    hex	filename
  24804	    532	   4020	  29356	   72ac	MODBUS2024ALT.elf
Finished building: default.size.stdout
 
Finished building: MODBUS2024ALT.list
 
15:32:55 **** Incremental Build of configuration Debug for project MODBUS2024ALT ****
make -j12 all 
arm-none-eabi-size  MODBUS2024ALT.elf 
   text	   data	    bss	    dec	    hex	filename
  24804	    532	   4020	  29356	   72ac	MODBUS2024ALT.elf
Finished building: default.size.stdout
 
16:47:48 **** Incremental Build of configuration Debug for project MODBUS2024ALT ****
make -j12 all 
arm-none-eabi-gcc "../Core/Src/call_data.c" -mcpu=cortex-m4 -std=gnu11 -g3 -DDEBUG -DUSE_HAL_DRIVER -DSTM32G474xx -c -I../Core/Inc -I../Drivers/STM32G4xx_HAL_Driver/Inc -I../Drivers/STM32G4xx_HAL_Driver/Inc/Legacy -I../Drivers/CMSIS/Device/ST/STM32G4xx/Include -I../Drivers/CMSIS/Include -O0 -ffunction-sections -fdata-sections -Wall -fstack-usage -fcyclomatic-complexity -MMD -MP -MF"Core/Src/call_data.d" -MT"Core/Src/call_data.o" --specs=nano.specs -mfpu=fpv4-sp-d16 -mfloat-abi=hard -mthumb -o "Core/Src/call_data.o"
arm-none-eabi-gcc "../Core/Src/call_mode.c" -mcpu=cortex-m4 -std=gnu11 -g3 -DDEBUG -DUSE_HAL_DRIVER -DSTM32G474xx -c -I../Core/Inc -I../Drivers/STM32G4xx_HAL_Driver/Inc -I../Drivers/STM32G4xx_HAL_Driver/Inc/Legacy -I../Drivers/CMSIS/Device/ST/STM32G4xx/Include -I../Drivers/CMSIS/Include -O0 -ffunction-sections -fdata-sections -Wall -fstack-usage -fcyclomatic-complexity -MMD -MP -MF"Core/Src/call_mode.d" -MT"Core/Src/call_mode.o" --specs=nano.specs -mfpu=fpv4-sp-d16 -mfloat-abi=hard -mthumb -o "Core/Src/call_mode.o"
arm-none-eabi-gcc "../Core/Src/globalVar.c" -mcpu=cortex-m4 -std=gnu11 -g3 -DDEBUG -DUSE_HAL_DRIVER -DSTM32G474xx -c -I../Core/Inc -I../Drivers/STM32G4xx_HAL_Driver/Inc -I../Drivers/STM32G4xx_HAL_Driver/Inc/Legacy -I../Drivers/CMSIS/Device/ST/STM32G4xx/Include -I../Drivers/CMSIS/Include -O0 -ffunction-sections -fdata-sections -Wall -fstack-usage -fcyclomatic-complexity -MMD -MP -MF"Core/Src/globalVar.d" -MT"Core/Src/globalVar.o" --specs=nano.specs -mfpu=fpv4-sp-d16 -mfloat-abi=hard -mthumb -o "Core/Src/globalVar.o"
arm-none-eabi-gcc "../Core/Src/main.c" -mcpu=cortex-m4 -std=gnu11 -g3 -DDEBUG -DUSE_HAL_DRIVER -DSTM32G474xx -c -I../Core/Inc -I../Drivers/STM32G4xx_HAL_Driver/Inc -I../Drivers/STM32G4xx_HAL_Driver/Inc/Legacy -I../Drivers/CMSIS/Device/ST/STM32G4xx/Include -I../Drivers/CMSIS/Include -O0 -ffunction-sections -fdata-sections -Wall -fstack-usage -fcyclomatic-complexity -MMD -MP -MF"Core/Src/main.d" -MT"Core/Src/main.o" --specs=nano.specs -mfpu=fpv4-sp-d16 -mfloat-abi=hard -mthumb -o "Core/Src/main.o"
../Core/Src/call_mode.c: In function 'watch_mode':
../Core/Src/call_mode.c:10:17: warning: implicit declaration of function 'do_home' [-Wimplicit-function-declaration]
   10 |                 do_home();
      |                 ^~~~~~~
../Core/Src/call_mode.c: At top level:
../Core/Src/call_mode.c:20:6: warning: conflicting types for 'do_home'; have 'void()'
   20 | void do_home(){
      |      ^~~~~~~
../Core/Src/call_mode.c:10:17: note: previous implicit declaration of 'do_home' with type 'void()'
   10 |                 do_home();
      |                 ^~~~~~~
../Core/Src/main.c: In function 'main':
../Core/Src/main.c:127:11: warning: implicit declaration of function 'watch_mode'; did you mean 'watch_mdoe'? [-Wimplicit-function-declaration]
  127 |           watch_mode();
      |           ^~~~~~~~~~
      |           watch_mdoe
arm-none-eabi-gcc -o "MODBUS2024ALT.elf" @"objects.list"   -mcpu=cortex-m4 -T"E:\Fibo_2_2\Stu\All_code\Robotic_Studio_III_ASRS\ModbusDemo2024\MODBUS2024ALT\STM32G474RETX_FLASH.ld" --specs=nosys.specs -Wl,-Map="MODBUS2024ALT.map" -Wl,--gc-sections -static --specs=nano.specs -mfpu=fpv4-sp-d16 -mfloat-abi=hard -mthumb -Wl,--start-group -lc -lm -Wl,--end-group
C:/ST/STM32CubeIDE_1.13.2/STM32CubeIDE/plugins/com.st.stm32cube.ide.mcu.externaltools.gnu-tools-for-stm32.12.3.rel1.win32_1.0.100.202403111256/tools/bin/../lib/gcc/arm-none-eabi/12.3.1/../../../../arm-none-eabi/bin/ld.exe: warning: MODBUS2024ALT.elf has a LOAD segment with RWX permissions
Finished building target: MODBUS2024ALT.elf
 
arm-none-eabi-size  MODBUS2024ALT.elf 
arm-none-eabi-objdump -h -S MODBUS2024ALT.elf  > "MODBUS2024ALT.list"
   text	   data	    bss	    dec	    hex	filename
  24884	    532	   4020	  29436	   72fc	MODBUS2024ALT.elf
Finished building: default.size.stdout
 
Finished building: MODBUS2024ALT.list
 
16:51:24 **** Incremental Build of configuration Debug for project MODBUS2024ALT ****
make -j12 all 
arm-none-eabi-gcc "../Core/Src/call_mode.c" -mcpu=cortex-m4 -std=gnu11 -g3 -DDEBUG -DUSE_HAL_DRIVER -DSTM32G474xx -c -I../Core/Inc -I../Drivers/STM32G4xx_HAL_Driver/Inc -I../Drivers/STM32G4xx_HAL_Driver/Inc/Legacy -I../Drivers/CMSIS/Device/ST/STM32G4xx/Include -I../Drivers/CMSIS/Include -O0 -ffunction-sections -fdata-sections -Wall -fstack-usage -fcyclomatic-complexity -MMD -MP -MF"Core/Src/call_mode.d" -MT"Core/Src/call_mode.o" --specs=nano.specs -mfpu=fpv4-sp-d16 -mfloat-abi=hard -mthumb -o "Core/Src/call_mode.o"
../Core/Src/call_mode.c: In function 'watch_mode':
../Core/Src/call_mode.c:10:17: warning: implicit declaration of function 'do_home' [-Wimplicit-function-declaration]
   10 |                 do_home();
      |                 ^~~~~~~
../Core/Src/call_mode.c: At top level:
../Core/Src/call_mode.c:20:6: warning: conflicting types for 'do_home'; have 'void()'
   20 | void do_home(){
      |      ^~~~~~~
../Core/Src/call_mode.c:10:17: note: previous implicit declaration of 'do_home' with type 'void()'
   10 |                 do_home();
      |                 ^~~~~~~
arm-none-eabi-gcc -o "MODBUS2024ALT.elf" @"objects.list"   -mcpu=cortex-m4 -T"E:\Fibo_2_2\Stu\All_code\Robotic_Studio_III_ASRS\ModbusDemo2024\MODBUS2024ALT\STM32G474RETX_FLASH.ld" --specs=nosys.specs -Wl,-Map="MODBUS2024ALT.map" -Wl,--gc-sections -static --specs=nano.specs -mfpu=fpv4-sp-d16 -mfloat-abi=hard -mthumb -Wl,--start-group -lc -lm -Wl,--end-group
C:/ST/STM32CubeIDE_1.13.2/STM32CubeIDE/plugins/com.st.stm32cube.ide.mcu.externaltools.gnu-tools-for-stm32.12.3.rel1.win32_1.0.100.202403111256/tools/bin/../lib/gcc/arm-none-eabi/12.3.1/../../../../arm-none-eabi/bin/ld.exe: warning: MODBUS2024ALT.elf has a LOAD segment with RWX permissions
Finished building target: MODBUS2024ALT.elf
 
arm-none-eabi-size  MODBUS2024ALT.elf 
arm-none-eabi-objdump -h -S MODBUS2024ALT.elf  > "MODBUS2024ALT.list"
   text	   data	    bss	    dec	    hex	filename
  24896	    532	   4020	  29448	   7308	MODBUS2024ALT.elf
Finished building: default.size.stdout
 
Finished building: MODBUS2024ALT.list
 
16:53:47 **** Incremental Build of configuration Debug for project MODBUS2024ALT ****
make -j12 all 
arm-none-eabi-gcc "../Core/Src/call_mode.c" -mcpu=cortex-m4 -std=gnu11 -g3 -DDEBUG -DUSE_HAL_DRIVER -DSTM32G474xx -c -I../Core/Inc -I../Drivers/STM32G4xx_HAL_Driver/Inc -I../Drivers/STM32G4xx_HAL_Driver/Inc/Legacy -I../Drivers/CMSIS/Device/ST/STM32G4xx/Include -I../Drivers/CMSIS/Include -O0 -ffunction-sections -fdata-sections -Wall -fstack-usage -fcyclomatic-complexity -MMD -MP -MF"Core/Src/call_mode.d" -MT"Core/Src/call_mode.o" --specs=nano.specs -mfpu=fpv4-sp-d16 -mfloat-abi=hard -mthumb -o "Core/Src/call_mode.o"
../Core/Src/call_mode.c: In function 'watch_mode':
../Core/Src/call_mode.c:10:17: warning: implicit declaration of function 'do_home' [-Wimplicit-function-declaration]
   10 |                 do_home();
      |                 ^~~~~~~
../Core/Src/call_mode.c: At top level:
../Core/Src/call_mode.c:20:6: warning: conflicting types for 'do_home'; have 'void()'
   20 | void do_home(){
      |      ^~~~~~~
../Core/Src/call_mode.c:10:17: note: previous implicit declaration of 'do_home' with type 'void()'
   10 |                 do_home();
      |                 ^~~~~~~
arm-none-eabi-gcc -o "MODBUS2024ALT.elf" @"objects.list"   -mcpu=cortex-m4 -T"E:\Fibo_2_2\Stu\All_code\Robotic_Studio_III_ASRS\ModbusDemo2024\MODBUS2024ALT\STM32G474RETX_FLASH.ld" --specs=nosys.specs -Wl,-Map="MODBUS2024ALT.map" -Wl,--gc-sections -static --specs=nano.specs -mfpu=fpv4-sp-d16 -mfloat-abi=hard -mthumb -Wl,--start-group -lc -lm -Wl,--end-group
C:/ST/STM32CubeIDE_1.13.2/STM32CubeIDE/plugins/com.st.stm32cube.ide.mcu.externaltools.gnu-tools-for-stm32.12.3.rel1.win32_1.0.100.202403111256/tools/bin/../lib/gcc/arm-none-eabi/12.3.1/../../../../arm-none-eabi/bin/ld.exe: warning: MODBUS2024ALT.elf has a LOAD segment with RWX permissions
Finished building target: MODBUS2024ALT.elf
 
arm-none-eabi-size  MODBUS2024ALT.elf 
arm-none-eabi-objdump -h -S MODBUS2024ALT.elf  > "MODBUS2024ALT.list"
   text	   data	    bss	    dec	    hex	filename
  24964	    532	   4020	  29516	   734c	MODBUS2024ALT.elf
Finished building: default.size.stdout
 
Finished building: MODBUS2024ALT.list
 
16:56:01 **** Incremental Build of configuration Debug for project MODBUS2024ALT ****
make -j12 all 
arm-none-eabi-gcc "../Core/Src/call_mode.c" -mcpu=cortex-m4 -std=gnu11 -g3 -DDEBUG -DUSE_HAL_DRIVER -DSTM32G474xx -c -I../Core/Inc -I../Drivers/STM32G4xx_HAL_Driver/Inc -I../Drivers/STM32G4xx_HAL_Driver/Inc/Legacy -I../Drivers/CMSIS/Device/ST/STM32G4xx/Include -I../Drivers/CMSIS/Include -O0 -ffunction-sections -fdata-sections -Wall -fstack-usage -fcyclomatic-complexity -MMD -MP -MF"Core/Src/call_mode.d" -MT"Core/Src/call_mode.o" --specs=nano.specs -mfpu=fpv4-sp-d16 -mfloat-abi=hard -mthumb -o "Core/Src/call_mode.o"
../Core/Src/call_mode.c: In function 'watch_mode':
../Core/Src/call_mode.c:10:17: warning: implicit declaration of function 'do_home' [-Wimplicit-function-declaration]
   10 |                 do_home();
      |                 ^~~~~~~
../Core/Src/call_mode.c: At top level:
../Core/Src/call_mode.c:20:6: warning: conflicting types for 'do_home'; have 'void()'
   20 | void do_home(){
      |      ^~~~~~~
../Core/Src/call_mode.c:10:17: note: previous implicit declaration of 'do_home' with type 'void()'
   10 |                 do_home();
      |                 ^~~~~~~
arm-none-eabi-gcc -o "MODBUS2024ALT.elf" @"objects.list"   -mcpu=cortex-m4 -T"E:\Fibo_2_2\Stu\All_code\Robotic_Studio_III_ASRS\ModbusDemo2024\MODBUS2024ALT\STM32G474RETX_FLASH.ld" --specs=nosys.specs -Wl,-Map="MODBUS2024ALT.map" -Wl,--gc-sections -static --specs=nano.specs -mfpu=fpv4-sp-d16 -mfloat-abi=hard -mthumb -Wl,--start-group -lc -lm -Wl,--end-group
C:/ST/STM32CubeIDE_1.13.2/STM32CubeIDE/plugins/com.st.stm32cube.ide.mcu.externaltools.gnu-tools-for-stm32.12.3.rel1.win32_1.0.100.202403111256/tools/bin/../lib/gcc/arm-none-eabi/12.3.1/../../../../arm-none-eabi/bin/ld.exe: warning: MODBUS2024ALT.elf has a LOAD segment with RWX permissions
Finished building target: MODBUS2024ALT.elf
 
arm-none-eabi-size  MODBUS2024ALT.elf 
arm-none-eabi-objdump -h -S MODBUS2024ALT.elf  > "MODBUS2024ALT.list"
   text	   data	    bss	    dec	    hex	filename
  24972	    532	   4020	  29524	   7354	MODBUS2024ALT.elf
Finished building: default.size.stdout
 
Finished building: MODBUS2024ALT.list
 
17:03:56 **** Incremental Build of configuration Debug for project MODBUS2024ALT ****
make -j12 all 
arm-none-eabi-size  MODBUS2024ALT.elf 
   text	   data	    bss	    dec	    hex	filename
  24972	    532	   4020	  29524	   7354	MODBUS2024ALT.elf
Finished building: default.size.stdout
 
17:07:21 **** Incremental Build of configuration Debug for project MODBUS2024ALT ****
make -j12 all 
arm-none-eabi-size  MODBUS2024ALT.elf 
   text	   data	    bss	    dec	    hex	filename
  24972	    532	   4020	  29524	   7354	MODBUS2024ALT.elf
Finished building: default.size.stdout
 
17:10:36 **** Incremental Build of configuration Debug for project MODBUS2024ALT ****
make -j12 all 
arm-none-eabi-gcc "../Core/Src/call_mode.c" -mcpu=cortex-m4 -std=gnu11 -g3 -DDEBUG -DUSE_HAL_DRIVER -DSTM32G474xx -c -I../Core/Inc -I../Drivers/STM32G4xx_HAL_Driver/Inc -I../Drivers/STM32G4xx_HAL_Driver/Inc/Legacy -I../Drivers/CMSIS/Device/ST/STM32G4xx/Include -I../Drivers/CMSIS/Include -O0 -ffunction-sections -fdata-sections -Wall -fstack-usage -fcyclomatic-complexity -MMD -MP -MF"Core/Src/call_mode.d" -MT"Core/Src/call_mode.o" --specs=nano.specs -mfpu=fpv4-sp-d16 -mfloat-abi=hard -mthumb -o "Core/Src/call_mode.o"
../Core/Src/call_mode.c: In function 'watch_mode':
../Core/Src/call_mode.c:10:17: warning: implicit declaration of function 'do_home' [-Wimplicit-function-declaration]
   10 |                 do_home();
      |                 ^~~~~~~
../Core/Src/call_mode.c:16:17: warning: implicit declaration of function 'run_point_mode' [-Wimplicit-function-declaration]
   16 |                 run_point_mode();
      |                 ^~~~~~~~~~~~~~
../Core/Src/call_mode.c: At top level:
../Core/Src/call_mode.c:20:6: warning: conflicting types for 'do_home'; have 'void()'
   20 | void do_home(){
      |      ^~~~~~~
../Core/Src/call_mode.c:10:17: note: previous implicit declaration of 'do_home' with type 'void()'
   10 |                 do_home();
      |                 ^~~~~~~
../Core/Src/call_mode.c:40:6: warning: conflicting types for 'run_point_mode'; have 'void()'
   40 | void run_point_mode(){
      |      ^~~~~~~~~~~~~~
../Core/Src/call_mode.c:16:17: note: previous implicit declaration of 'run_point_mode' with type 'void()'
   16 |                 run_point_mode();
      |                 ^~~~~~~~~~~~~~
../Core/Src/call_mode.c: In function 'run_point_mode':
../Core/Src/call_mode.c:41:31: error: incompatible types when assigning to type 'u16u8_t' from type 'int'
   41 |         registerFrame[0x01] = 0;
      |                               ^
../Core/Src/call_mode.c:42:31: error: incompatible types when assigning to type 'u16u8_t' from type 'int'
   42 |         registerFrame[0x10] = 16;
      |                               ^~
../Core/Src/call_mode.c:45:31: error: incompatible types when assigning to type 'u16u8_t' from type 'int'
   45 |         registerFrame[0x10] = 0;
      |                               ^
make: *** [Core/Src/subdir.mk:49: Core/Src/call_mode.o] Error 1
"make -j12 all" terminated with exit code 2. Build might be incomplete.
17:11:06 **** Incremental Build of configuration Debug for project MODBUS2024ALT ****
make -j12 all 
arm-none-eabi-gcc "../Core/Src/call_mode.c" -mcpu=cortex-m4 -std=gnu11 -g3 -DDEBUG -DUSE_HAL_DRIVER -DSTM32G474xx -c -I../Core/Inc -I../Drivers/STM32G4xx_HAL_Driver/Inc -I../Drivers/STM32G4xx_HAL_Driver/Inc/Legacy -I../Drivers/CMSIS/Device/ST/STM32G4xx/Include -I../Drivers/CMSIS/Include -O0 -ffunction-sections -fdata-sections -Wall -fstack-usage -fcyclomatic-complexity -MMD -MP -MF"Core/Src/call_mode.d" -MT"Core/Src/call_mode.o" --specs=nano.specs -mfpu=fpv4-sp-d16 -mfloat-abi=hard -mthumb -o "Core/Src/call_mode.o"
../Core/Src/call_mode.c: In function 'watch_mode':
../Core/Src/call_mode.c:10:17: warning: implicit declaration of function 'do_home' [-Wimplicit-function-declaration]
   10 |                 do_home();
      |                 ^~~~~~~
../Core/Src/call_mode.c:16:17: warning: implicit declaration of function 'run_point_mode' [-Wimplicit-function-declaration]
   16 |                 run_point_mode();
      |                 ^~~~~~~~~~~~~~
../Core/Src/call_mode.c: At top level:
../Core/Src/call_mode.c:20:6: warning: conflicting types for 'do_home'; have 'void()'
   20 | void do_home(){
      |      ^~~~~~~
../Core/Src/call_mode.c:10:17: note: previous implicit declaration of 'do_home' with type 'void()'
   10 |                 do_home();
      |                 ^~~~~~~
../Core/Src/call_mode.c:40:6: warning: conflicting types for 'run_point_mode'; have 'void()'
   40 | void run_point_mode(){
      |      ^~~~~~~~~~~~~~
../Core/Src/call_mode.c:16:17: note: previous implicit declaration of 'run_point_mode' with type 'void()'
   16 |                 run_point_mode();
      |                 ^~~~~~~~~~~~~~
arm-none-eabi-gcc -o "MODBUS2024ALT.elf" @"objects.list"   -mcpu=cortex-m4 -T"E:\Fibo_2_2\Stu\All_code\Robotic_Studio_III_ASRS\ModbusDemo2024\MODBUS2024ALT\STM32G474RETX_FLASH.ld" --specs=nosys.specs -Wl,-Map="MODBUS2024ALT.map" -Wl,--gc-sections -static --specs=nano.specs -mfpu=fpv4-sp-d16 -mfloat-abi=hard -mthumb -Wl,--start-group -lc -lm -Wl,--end-group
C:/ST/STM32CubeIDE_1.13.2/STM32CubeIDE/plugins/com.st.stm32cube.ide.mcu.externaltools.gnu-tools-for-stm32.12.3.rel1.win32_1.0.100.202403111256/tools/bin/../lib/gcc/arm-none-eabi/12.3.1/../../../../arm-none-eabi/bin/ld.exe: warning: MODBUS2024ALT.elf has a LOAD segment with RWX permissions
Finished building target: MODBUS2024ALT.elf
 
arm-none-eabi-size  MODBUS2024ALT.elf 
arm-none-eabi-objdump -h -S MODBUS2024ALT.elf  > "MODBUS2024ALT.list"
   text	   data	    bss	    dec	    hex	filename
  25020	    532	   4020	  29572	   7384	MODBUS2024ALT.elf
Finished building: default.size.stdout
 
Finished building: MODBUS2024ALT.list
 
17:13:58 **** Incremental Build of configuration Debug for project MODBUS2024ALT ****
make -j12 all 
arm-none-eabi-gcc "../Core/Src/call_data.c" -mcpu=cortex-m4 -std=gnu11 -g3 -DDEBUG -DUSE_HAL_DRIVER -DSTM32G474xx -c -I../Core/Inc -I../Drivers/STM32G4xx_HAL_Driver/Inc -I../Drivers/STM32G4xx_HAL_Driver/Inc/Legacy -I../Drivers/CMSIS/Device/ST/STM32G4xx/Include -I../Drivers/CMSIS/Include -O0 -ffunction-sections -fdata-sections -Wall -fstack-usage -fcyclomatic-complexity -MMD -MP -MF"Core/Src/call_data.d" -MT"Core/Src/call_data.o" --specs=nano.specs -mfpu=fpv4-sp-d16 -mfloat-abi=hard -mthumb -o "Core/Src/call_data.o"
arm-none-eabi-gcc "../Core/Src/call_mode.c" -mcpu=cortex-m4 -std=gnu11 -g3 -DDEBUG -DUSE_HAL_DRIVER -DSTM32G474xx -c -I../Core/Inc -I../Drivers/STM32G4xx_HAL_Driver/Inc -I../Drivers/STM32G4xx_HAL_Driver/Inc/Legacy -I../Drivers/CMSIS/Device/ST/STM32G4xx/Include -I../Drivers/CMSIS/Include -O0 -ffunction-sections -fdata-sections -Wall -fstack-usage -fcyclomatic-complexity -MMD -MP -MF"Core/Src/call_mode.d" -MT"Core/Src/call_mode.o" --specs=nano.specs -mfpu=fpv4-sp-d16 -mfloat-abi=hard -mthumb -o "Core/Src/call_mode.o"
arm-none-eabi-gcc "../Core/Src/main.c" -mcpu=cortex-m4 -std=gnu11 -g3 -DDEBUG -DUSE_HAL_DRIVER -DSTM32G474xx -c -I../Core/Inc -I../Drivers/STM32G4xx_HAL_Driver/Inc -I../Drivers/STM32G4xx_HAL_Driver/Inc/Legacy -I../Drivers/CMSIS/Device/ST/STM32G4xx/Include -I../Drivers/CMSIS/Include -O0 -ffunction-sections -fdata-sections -Wall -fstack-usage -fcyclomatic-complexity -MMD -MP -MF"Core/Src/main.d" -MT"Core/Src/main.o" --specs=nano.specs -mfpu=fpv4-sp-d16 -mfloat-abi=hard -mthumb -o "Core/Src/main.o"
../Core/Src/main.c: In function 'main':
../Core/Src/main.c:127:11: warning: implicit declaration of function 'watch_mode'; did you mean 'watch_mdoe'? [-Wimplicit-function-declaration]
  127 |           watch_mode();
      |           ^~~~~~~~~~
      |           watch_mdoe
../Core/Src/call_mode.c: In function 'watch_mode':
../Core/Src/call_mode.c:10:17: warning: implicit declaration of function 'do_home' [-Wimplicit-function-declaration]
   10 |                 do_home();
      |                 ^~~~~~~
../Core/Src/call_mode.c:16:17: warning: implicit declaration of function 'run_point_mode' [-Wimplicit-function-declaration]
   16 |                 run_point_mode();
      |                 ^~~~~~~~~~~~~~
../Core/Src/call_mode.c: At top level:
../Core/Src/call_mode.c:20:6: warning: conflicting types for 'do_home'; have 'void()'
   20 | void do_home(){
      |      ^~~~~~~
../Core/Src/call_mode.c:10:17: note: previous implicit declaration of 'do_home' with type 'void()'
   10 |                 do_home();
      |                 ^~~~~~~
../Core/Src/call_mode.c:40:6: warning: conflicting types for 'run_point_mode'; have 'void()'
   40 | void run_point_mode(){
      |      ^~~~~~~~~~~~~~
../Core/Src/call_mode.c:16:17: note: previous implicit declaration of 'run_point_mode' with type 'void()'
   16 |                 run_point_mode();
      |                 ^~~~~~~~~~~~~~
arm-none-eabi-gcc -o "MODBUS2024ALT.elf" @"objects.list"   -mcpu=cortex-m4 -T"E:\Fibo_2_2\Stu\All_code\Robotic_Studio_III_ASRS\ModbusDemo2024\MODBUS2024ALT\STM32G474RETX_FLASH.ld" --specs=nosys.specs -Wl,-Map="MODBUS2024ALT.map" -Wl,--gc-sections -static --specs=nano.specs -mfpu=fpv4-sp-d16 -mfloat-abi=hard -mthumb -Wl,--start-group -lc -lm -Wl,--end-group
C:/ST/STM32CubeIDE_1.13.2/STM32CubeIDE/plugins/com.st.stm32cube.ide.mcu.externaltools.gnu-tools-for-stm32.12.3.rel1.win32_1.0.100.202403111256/tools/bin/../lib/gcc/arm-none-eabi/12.3.1/../../../../arm-none-eabi/bin/ld.exe: warning: MODBUS2024ALT.elf has a LOAD segment with RWX permissions
Finished building target: MODBUS2024ALT.elf
 
arm-none-eabi-size  MODBUS2024ALT.elf 
arm-none-eabi-objdump -h -S MODBUS2024ALT.elf  > "MODBUS2024ALT.list"
   text	   data	    bss	    dec	    hex	filename
  25256	    532	   4056	  29844	   7494	MODBUS2024ALT.elf
Finished building: default.size.stdout
 
Finished building: MODBUS2024ALT.list
 
17:15:20 **** Incremental Build of configuration Debug for project MODBUS2024ALT ****
make -j12 all 
arm-none-eabi-gcc "../Core/Src/call_mode.c" -mcpu=cortex-m4 -std=gnu11 -g3 -DDEBUG -DUSE_HAL_DRIVER -DSTM32G474xx -c -I../Core/Inc -I../Drivers/STM32G4xx_HAL_Driver/Inc -I../Drivers/STM32G4xx_HAL_Driver/Inc/Legacy -I../Drivers/CMSIS/Device/ST/STM32G4xx/Include -I../Drivers/CMSIS/Include -O0 -ffunction-sections -fdata-sections -Wall -fstack-usage -fcyclomatic-complexity -MMD -MP -MF"Core/Src/call_mode.d" -MT"Core/Src/call_mode.o" --specs=nano.specs -mfpu=fpv4-sp-d16 -mfloat-abi=hard -mthumb -o "Core/Src/call_mode.o"
../Core/Src/call_mode.c: In function 'watch_mode':
../Core/Src/call_mode.c:10:17: warning: implicit declaration of function 'do_home' [-Wimplicit-function-declaration]
   10 |                 do_home();
      |                 ^~~~~~~
../Core/Src/call_mode.c:16:17: warning: implicit declaration of function 'run_point_mode' [-Wimplicit-function-declaration]
   16 |                 run_point_mode();
      |                 ^~~~~~~~~~~~~~
../Core/Src/call_mode.c: At top level:
../Core/Src/call_mode.c:20:6: warning: conflicting types for 'do_home'; have 'void()'
   20 | void do_home(){
      |      ^~~~~~~
../Core/Src/call_mode.c:10:17: note: previous implicit declaration of 'do_home' with type 'void()'
   10 |                 do_home();
      |                 ^~~~~~~
../Core/Src/call_mode.c:40:6: warning: conflicting types for 'run_point_mode'; have 'void()'
   40 | void run_point_mode(){
      |      ^~~~~~~~~~~~~~
../Core/Src/call_mode.c:16:17: note: previous implicit declaration of 'run_point_mode' with type 'void()'
   16 |                 run_point_mode();
      |                 ^~~~~~~~~~~~~~
arm-none-eabi-gcc -o "MODBUS2024ALT.elf" @"objects.list"   -mcpu=cortex-m4 -T"E:\Fibo_2_2\Stu\All_code\Robotic_Studio_III_ASRS\ModbusDemo2024\MODBUS2024ALT\STM32G474RETX_FLASH.ld" --specs=nosys.specs -Wl,-Map="MODBUS2024ALT.map" -Wl,--gc-sections -static --specs=nano.specs -mfpu=fpv4-sp-d16 -mfloat-abi=hard -mthumb -Wl,--start-group -lc -lm -Wl,--end-group
C:/ST/STM32CubeIDE_1.13.2/STM32CubeIDE/plugins/com.st.stm32cube.ide.mcu.externaltools.gnu-tools-for-stm32.12.3.rel1.win32_1.0.100.202403111256/tools/bin/../lib/gcc/arm-none-eabi/12.3.1/../../../../arm-none-eabi/bin/ld.exe: warning: MODBUS2024ALT.elf has a LOAD segment with RWX permissions
Finished building target: MODBUS2024ALT.elf
 
arm-none-eabi-size  MODBUS2024ALT.elf 
arm-none-eabi-objdump -h -S MODBUS2024ALT.elf  > "MODBUS2024ALT.list"
   text	   data	    bss	    dec	    hex	filename
  25256	    532	   4056	  29844	   7494	MODBUS2024ALT.elf
Finished building: default.size.stdout
 
Finished building: MODBUS2024ALT.list
 
17:16:08 **** Incremental Build of configuration Debug for project MODBUS2024ALT ****
make -j12 all 
arm-none-eabi-gcc "../Core/Src/call_data.c" -mcpu=cortex-m4 -std=gnu11 -g3 -DDEBUG -DUSE_HAL_DRIVER -DSTM32G474xx -c -I../Core/Inc -I../Drivers/STM32G4xx_HAL_Driver/Inc -I../Drivers/STM32G4xx_HAL_Driver/Inc/Legacy -I../Drivers/CMSIS/Device/ST/STM32G4xx/Include -I../Drivers/CMSIS/Include -O0 -ffunction-sections -fdata-sections -Wall -fstack-usage -fcyclomatic-complexity -MMD -MP -MF"Core/Src/call_data.d" -MT"Core/Src/call_data.o" --specs=nano.specs -mfpu=fpv4-sp-d16 -mfloat-abi=hard -mthumb -o "Core/Src/call_data.o"
arm-none-eabi-gcc "../Core/Src/call_mode.c" -mcpu=cortex-m4 -std=gnu11 -g3 -DDEBUG -DUSE_HAL_DRIVER -DSTM32G474xx -c -I../Core/Inc -I../Drivers/STM32G4xx_HAL_Driver/Inc -I../Drivers/STM32G4xx_HAL_Driver/Inc/Legacy -I../Drivers/CMSIS/Device/ST/STM32G4xx/Include -I../Drivers/CMSIS/Include -O0 -ffunction-sections -fdata-sections -Wall -fstack-usage -fcyclomatic-complexity -MMD -MP -MF"Core/Src/call_mode.d" -MT"Core/Src/call_mode.o" --specs=nano.specs -mfpu=fpv4-sp-d16 -mfloat-abi=hard -mthumb -o "Core/Src/call_mode.o"
../Core/Src/call_mode.c: In function 'watch_mode':
../Core/Src/call_mode.c:10:17: warning: implicit declaration of function 'do_home' [-Wimplicit-function-declaration]
   10 |                 do_home();
      |                 ^~~~~~~
../Core/Src/call_mode.c:16:17: warning: implicit declaration of function 'run_point_mode' [-Wimplicit-function-declaration]
   16 |                 run_point_mode();
      |                 ^~~~~~~~~~~~~~
../Core/Src/call_mode.c: At top level:
../Core/Src/call_mode.c:20:6: warning: conflicting types for 'do_home'; have 'void()'
   20 | void do_home(){
      |      ^~~~~~~
../Core/Src/call_mode.c:10:17: note: previous implicit declaration of 'do_home' with type 'void()'
   10 |                 do_home();
      |                 ^~~~~~~
../Core/Src/call_mode.c:40:6: warning: conflicting types for 'run_point_mode'; have 'void()'
   40 | void run_point_mode(){
      |      ^~~~~~~~~~~~~~
../Core/Src/call_mode.c:16:17: note: previous implicit declaration of 'run_point_mode' with type 'void()'
   16 |                 run_point_mode();
      |                 ^~~~~~~~~~~~~~
arm-none-eabi-gcc -o "MODBUS2024ALT.elf" @"objects.list"   -mcpu=cortex-m4 -T"E:\Fibo_2_2\Stu\All_code\Robotic_Studio_III_ASRS\ModbusDemo2024\MODBUS2024ALT\STM32G474RETX_FLASH.ld" --specs=nosys.specs -Wl,-Map="MODBUS2024ALT.map" -Wl,--gc-sections -static --specs=nano.specs -mfpu=fpv4-sp-d16 -mfloat-abi=hard -mthumb -Wl,--start-group -lc -lm -Wl,--end-group
C:/ST/STM32CubeIDE_1.13.2/STM32CubeIDE/plugins/com.st.stm32cube.ide.mcu.externaltools.gnu-tools-for-stm32.12.3.rel1.win32_1.0.100.202403111256/tools/bin/../lib/gcc/arm-none-eabi/12.3.1/../../../../arm-none-eabi/bin/ld.exe: warning: MODBUS2024ALT.elf has a LOAD segment with RWX permissions
Finished building target: MODBUS2024ALT.elf
 
arm-none-eabi-size  MODBUS2024ALT.elf 
arm-none-eabi-objdump -h -S MODBUS2024ALT.elf  > "MODBUS2024ALT.list"
   text	   data	    bss	    dec	    hex	filename
  25872	    532	   4056	  30460	   76fc	MODBUS2024ALT.elf
Finished building: default.size.stdout
 
Finished building: MODBUS2024ALT.list
 
